<?xml version="1.0" encoding="UTF-8"?>
<!-- Generated by org.testng.reporters.JUnitReportReporter -->
<testsuite skipped="0" hostname="Pushpendra" name="firstt.ToRunfailed" tests="1" failures="0" timestamp="05 Mar 2019 05:19:35 GMT" time="0.377" errors="0">
  <testcase name="run1" time="0.377" classname="firstt.ToRunfailed"/>
</testsuite> <!-- firstt.ToRunfailed -->
