<?xml version="1.0" encoding="UTF-8"?>
<!-- Generated by org.testng.reporters.JUnitReportReporter -->
<testsuite skipped="0" hostname="DESKTOP-R8K2O8B" name="firstt.Dataprovider1" tests="1" failures="0" timestamp="05 Mar 2019 08:21:40 GMT" time="0.018" errors="0">
  <testcase name="test" time="0.018" classname="firstt.Dataprovider1"/>
</testsuite> <!-- firstt.Dataprovider1 -->
