<?xml version="1.0" encoding="UTF-8"?>
<!-- Generated by org.testng.reporters.JUnitReportReporter -->
<testsuite skipped="307" hostname="Admin-PC" name="Assignments.Waste" tests="311" failures="0" timestamp="07 Mar 2019 04:07:18 GMT" time="303.079" errors="3">
  <testcase name="action" time="22.189" classname="Assignments.Waste">
    <skipped/>
  </testcase> <!-- action -->
  <testcase name="action" time="11.416" classname="Assignments.Waste">
    <skipped/>
  </testcase> <!-- action -->
  <testcase name="action" time="18.025" classname="Assignments.Waste">
    <skipped/>
  </testcase> <!-- action -->
  <testcase name="action" time="0.000" classname="Assignments.Waste">
    <skipped/>
  </testcase> <!-- action -->
  <testcase name="action" time="0.000" classname="Assignments.Waste">
    <skipped/>
  </testcase> <!-- action -->
  <testcase name="action" time="0.000" classname="Assignments.Waste">
    <skipped/>
  </testcase> <!-- action -->
  <testcase name="action" time="0.000" classname="Assignments.Waste">
    <skipped/>
  </testcase> <!-- action -->
  <testcase name="action" time="0.000" classname="Assignments.Waste">
    <skipped/>
  </testcase> <!-- action -->
  <testcase name="action" time="38.348" classname="Assignments.Waste">
    <error type="org.openqa.selenium.WebDriverException" message="chrome not reachable
  (Session info: chrome=72.0.3626.119)
  (Driver info: chromedriver=2.44.609538 (b655c5a60b0b544917107a59d4153d4bf78e1b90),platform=Windows NT 6.1.7601 SP1 x86_64) (WARNING: The server did not provide any stacktrace information)
Command duration or timeout: 6.07 seconds
Build info: version: &#039;3.4.0&#039;, revision: &#039;unknown&#039;, time: &#039;unknown&#039;
System info: host: &#039;ADMIN-PC&#039;, ip: &#039;192.168.56.1&#039;, os.name: &#039;Windows 7&#039;, os.arch: &#039;amd64&#039;, os.version: &#039;6.1&#039;, java.version: &#039;1.8.0_20-ea&#039;
Driver info: org.openqa.selenium.chrome.ChromeDriver
Capabilities [{mobileEmulationEnabled=false, hasTouchScreen=false, platform=XP, acceptSslCerts=false, goog:chromeOptions={debuggerAddress=localhost:49415}, acceptInsecureCerts=false, webStorageEnabled=true, browserName=chrome, takesScreenshot=true, javascriptEnabled=true, setWindowRect=true, unexpectedAlertBehaviour=ignore, applicationCacheEnabled=false, rotatable=false, networkConnectionEnabled=false, chrome={chromedriverVersion=2.44.609538 (b655c5a60b0b544917107a59d4153d4bf78e1b90), userDataDir=C:\Users\Admin\AppData\Local\Temp\scoped_dir3544_14538}, takesHeapSnapshot=true, pageLoadStrategy=normal, databaseEnabled=false, handlesAlerts=true, version=72.0.3626.119, browserConnectionEnabled=false, nativeEvents=true, locationContextEnabled=true, cssSelectorsEnabled=true}]
Session ID: 53aa9364772dfc3c5df54eba4495016c
*** Element info: {Using=xpath, value=//div[@id=&#039;topnav_wrapper&#039;]/descendant::span[contains(@class,&#039;topnav_itemname&#039;) and contains(.,&#039;Living&#039;)]/following-sibling::div/descendant::div[@class=&#039;taxontype&#039;]/a[.=&#039;&#039;]/parent::div/following-sibling::ul/descendant::a}">
      <![CDATA[org.openqa.selenium.WebDriverException: chrome not reachable
  (Session info: chrome=72.0.3626.119)
  (Driver info: chromedriver=2.44.609538 (b655c5a60b0b544917107a59d4153d4bf78e1b90),platform=Windows NT 6.1.7601 SP1 x86_64) (WARNING: The server did not provide any stacktrace information)
Command duration or timeout: 6.07 seconds
Build info: version: '3.4.0', revision: 'unknown', time: 'unknown'
System info: host: 'ADMIN-PC', ip: '192.168.56.1', os.name: 'Windows 7', os.arch: 'amd64', os.version: '6.1', java.version: '1.8.0_20-ea'
Driver info: org.openqa.selenium.chrome.ChromeDriver
Capabilities [{mobileEmulationEnabled=false, hasTouchScreen=false, platform=XP, acceptSslCerts=false, goog:chromeOptions={debuggerAddress=localhost:49415}, acceptInsecureCerts=false, webStorageEnabled=true, browserName=chrome, takesScreenshot=true, javascriptEnabled=true, setWindowRect=true, unexpectedAlertBehaviour=ignore, applicationCacheEnabled=false, rotatable=false, networkConnectionEnabled=false, chrome={chromedriverVersion=2.44.609538 (b655c5a60b0b544917107a59d4153d4bf78e1b90), userDataDir=C:\Users\Admin\AppData\Local\Temp\scoped_dir3544_14538}, takesHeapSnapshot=true, pageLoadStrategy=normal, databaseEnabled=false, handlesAlerts=true, version=72.0.3626.119, browserConnectionEnabled=false, nativeEvents=true, locationContextEnabled=true, cssSelectorsEnabled=true}]
Session ID: 53aa9364772dfc3c5df54eba4495016c
*** Element info: {Using=xpath, value=//div[@id='topnav_wrapper']/descendant::span[contains(@class,'topnav_itemname') and contains(.,'Living')]/following-sibling::div/descendant::div[@class='taxontype']/a[.='']/parent::div/following-sibling::ul/descendant::a}
at sun.reflect.NativeConstructorAccessorImpl.newInstance0(Native Method)
at sun.reflect.NativeConstructorAccessorImpl.newInstance(NativeConstructorAccessorImpl.java:62)
at sun.reflect.DelegatingConstructorAccessorImpl.newInstance(DelegatingConstructorAccessorImpl.java:45)
at java.lang.reflect.Constructor.newInstance(Constructor.java:408)
at org.openqa.selenium.remote.ErrorHandler.createThrowable(ErrorHandler.java:215)
at org.openqa.selenium.remote.ErrorHandler.throwIfResponseFailed(ErrorHandler.java:167)
at org.openqa.selenium.remote.RemoteWebDriver.execute(RemoteWebDriver.java:671)
at org.openqa.selenium.remote.RemoteWebDriver.findElements(RemoteWebDriver.java:437)
at org.openqa.selenium.remote.RemoteWebDriver.findElementsByXPath(RemoteWebDriver.java:513)
at org.openqa.selenium.By$ByXPath.findElements(By.java:356)
at org.openqa.selenium.remote.RemoteWebDriver.findElements(RemoteWebDriver.java:398)
at Assignments.Waste.action(Waste.java:109)
at sun.reflect.NativeMethodAccessorImpl.invoke0(Native Method)
at sun.reflect.NativeMethodAccessorImpl.invoke(NativeMethodAccessorImpl.java:62)
at sun.reflect.DelegatingMethodAccessorImpl.invoke(DelegatingMethodAccessorImpl.java:43)
at java.lang.reflect.Method.invoke(Method.java:483)
at org.testng.internal.MethodInvocationHelper.invokeMethod(MethodInvocationHelper.java:124)
at org.testng.internal.Invoker.invokeMethod(Invoker.java:580)
at org.testng.internal.Invoker.invokeTestMethod(Invoker.java:716)
at org.testng.internal.Invoker.invokeTestMethods(Invoker.java:988)
at org.testng.internal.TestMethodWorker.invokeTestMethods(TestMethodWorker.java:125)
at org.testng.internal.TestMethodWorker.run(TestMethodWorker.java:109)
at org.testng.TestRunner.privateRun(TestRunner.java:648)
at org.testng.TestRunner.run(TestRunner.java:505)
at org.testng.SuiteRunner.runTest(SuiteRunner.java:455)
at org.testng.SuiteRunner.runSequentially(SuiteRunner.java:450)
at org.testng.SuiteRunner.privateRun(SuiteRunner.java:415)
at org.testng.SuiteRunner.run(SuiteRunner.java:364)
at org.testng.SuiteRunnerWorker.runSuite(SuiteRunnerWorker.java:52)
at org.testng.SuiteRunnerWorker.run(SuiteRunnerWorker.java:84)
at org.testng.TestNG.runSuitesSequentially(TestNG.java:1208)
at org.testng.TestNG.runSuitesLocally(TestNG.java:1137)
at org.testng.TestNG.runSuites(TestNG.java:1049)
at org.testng.TestNG.run(TestNG.java:1017)
at org.testng.remote.AbstractRemoteTestNG.run(AbstractRemoteTestNG.java:114)
at org.testng.remote.RemoteTestNG.initAndRun(RemoteTestNG.java:251)
at org.testng.remote.RemoteTestNG.main(RemoteTestNG.java:77)
]]>
    </error>
  </testcase> <!-- action -->
  <testcase name="action" time="0.000" classname="Assignments.Waste">
    <skipped/>
  </testcase> <!-- action -->
  <testcase name="action" time="0.000" classname="Assignments.Waste">
    <skipped/>
  </testcase> <!-- action -->
  <testcase name="action" time="0.000" classname="Assignments.Waste">
    <skipped/>
  </testcase> <!-- action -->
  <testcase name="action" time="0.000" classname="Assignments.Waste">
    <skipped/>
  </testcase> <!-- action -->
  <testcase name="action" time="0.000" classname="Assignments.Waste">
    <skipped/>
  </testcase> <!-- action -->
  <testcase name="action" time="0.000" classname="Assignments.Waste">
    <skipped/>
  </testcase> <!-- action -->
  <testcase name="action" time="0.000" classname="Assignments.Waste">
    <skipped/>
  </testcase> <!-- action -->
  <testcase name="action" time="0.000" classname="Assignments.Waste">
    <skipped/>
  </testcase> <!-- action -->
  <testcase name="action" time="0.000" classname="Assignments.Waste">
    <skipped/>
  </testcase> <!-- action -->
  <testcase name="action" time="0.000" classname="Assignments.Waste">
    <skipped/>
  </testcase> <!-- action -->
  <testcase name="action" time="0.000" classname="Assignments.Waste">
    <skipped/>
  </testcase> <!-- action -->
  <testcase name="action" time="0.000" classname="Assignments.Waste">
    <skipped/>
  </testcase> <!-- action -->
  <testcase name="action" time="0.000" classname="Assignments.Waste">
    <skipped/>
  </testcase> <!-- action -->
  <testcase name="action" time="0.000" classname="Assignments.Waste">
    <skipped/>
  </testcase> <!-- action -->
  <testcase name="action" time="0.000" classname="Assignments.Waste">
    <skipped/>
  </testcase> <!-- action -->
  <testcase name="action" time="0.000" classname="Assignments.Waste">
    <skipped/>
  </testcase> <!-- action -->
  <testcase name="action" time="0.000" classname="Assignments.Waste">
    <skipped/>
  </testcase> <!-- action -->
  <testcase name="action" time="0.000" classname="Assignments.Waste">
    <skipped/>
  </testcase> <!-- action -->
  <testcase name="action" time="0.000" classname="Assignments.Waste">
    <skipped/>
  </testcase> <!-- action -->
  <testcase name="action" time="0.000" classname="Assignments.Waste">
    <skipped/>
  </testcase> <!-- action -->
  <testcase name="action" time="0.000" classname="Assignments.Waste">
    <skipped/>
  </testcase> <!-- action -->
  <testcase name="action" time="0.000" classname="Assignments.Waste">
    <skipped/>
  </testcase> <!-- action -->
  <testcase name="action" time="0.000" classname="Assignments.Waste">
    <skipped/>
  </testcase> <!-- action -->
  <testcase name="action" time="0.000" classname="Assignments.Waste">
    <skipped/>
  </testcase> <!-- action -->
  <testcase name="action" time="0.000" classname="Assignments.Waste">
    <skipped/>
  </testcase> <!-- action -->
  <testcase name="action" time="0.000" classname="Assignments.Waste">
    <skipped/>
  </testcase> <!-- action -->
  <testcase name="action" time="0.000" classname="Assignments.Waste">
    <skipped/>
  </testcase> <!-- action -->
  <testcase name="action" time="0.000" classname="Assignments.Waste">
    <skipped/>
  </testcase> <!-- action -->
  <testcase name="action" time="0.000" classname="Assignments.Waste">
    <skipped/>
  </testcase> <!-- action -->
  <testcase name="action" time="0.000" classname="Assignments.Waste">
    <skipped/>
  </testcase> <!-- action -->
  <testcase name="action" time="0.000" classname="Assignments.Waste">
    <skipped/>
  </testcase> <!-- action -->
  <testcase name="action" time="0.000" classname="Assignments.Waste">
    <skipped/>
  </testcase> <!-- action -->
  <testcase name="action" time="0.000" classname="Assignments.Waste">
    <skipped/>
  </testcase> <!-- action -->
  <testcase name="action" time="0.000" classname="Assignments.Waste">
    <skipped/>
  </testcase> <!-- action -->
  <testcase name="action" time="0.000" classname="Assignments.Waste">
    <skipped/>
  </testcase> <!-- action -->
  <testcase name="action" time="0.000" classname="Assignments.Waste">
    <skipped/>
  </testcase> <!-- action -->
  <testcase name="action" time="0.000" classname="Assignments.Waste">
    <skipped/>
  </testcase> <!-- action -->
  <testcase name="action" time="0.000" classname="Assignments.Waste">
    <skipped/>
  </testcase> <!-- action -->
  <testcase name="action" time="0.000" classname="Assignments.Waste">
    <skipped/>
  </testcase> <!-- action -->
  <testcase name="action" time="0.000" classname="Assignments.Waste">
    <skipped/>
  </testcase> <!-- action -->
  <testcase name="action" time="0.000" classname="Assignments.Waste">
    <skipped/>
  </testcase> <!-- action -->
  <testcase name="action" time="0.000" classname="Assignments.Waste">
    <skipped/>
  </testcase> <!-- action -->
  <testcase name="action" time="0.000" classname="Assignments.Waste">
    <skipped/>
  </testcase> <!-- action -->
  <testcase name="action" time="0.000" classname="Assignments.Waste">
    <skipped/>
  </testcase> <!-- action -->
  <testcase name="action" time="0.000" classname="Assignments.Waste">
    <skipped/>
  </testcase> <!-- action -->
  <testcase name="action" time="0.000" classname="Assignments.Waste">
    <skipped/>
  </testcase> <!-- action -->
  <testcase name="action" time="0.000" classname="Assignments.Waste">
    <skipped/>
  </testcase> <!-- action -->
  <testcase name="action" time="0.000" classname="Assignments.Waste">
    <skipped/>
  </testcase> <!-- action -->
  <testcase name="action" time="0.000" classname="Assignments.Waste">
    <skipped/>
  </testcase> <!-- action -->
  <testcase name="action" time="0.000" classname="Assignments.Waste">
    <skipped/>
  </testcase> <!-- action -->
  <testcase name="action" time="0.000" classname="Assignments.Waste">
    <skipped/>
  </testcase> <!-- action -->
  <testcase name="action" time="0.000" classname="Assignments.Waste">
    <skipped/>
  </testcase> <!-- action -->
  <testcase name="action" time="0.000" classname="Assignments.Waste">
    <skipped/>
  </testcase> <!-- action -->
  <testcase name="action" time="0.000" classname="Assignments.Waste">
    <skipped/>
  </testcase> <!-- action -->
  <testcase name="action" time="0.000" classname="Assignments.Waste">
    <skipped/>
  </testcase> <!-- action -->
  <testcase name="action" time="0.000" classname="Assignments.Waste">
    <skipped/>
  </testcase> <!-- action -->
  <testcase name="action" time="0.000" classname="Assignments.Waste">
    <skipped/>
  </testcase> <!-- action -->
  <testcase name="action" time="0.000" classname="Assignments.Waste">
    <skipped/>
  </testcase> <!-- action -->
  <testcase name="action" time="0.000" classname="Assignments.Waste">
    <skipped/>
  </testcase> <!-- action -->
  <testcase name="action" time="0.000" classname="Assignments.Waste">
    <skipped/>
  </testcase> <!-- action -->
  <testcase name="action" time="0.000" classname="Assignments.Waste">
    <skipped/>
  </testcase> <!-- action -->
  <testcase name="action" time="0.000" classname="Assignments.Waste">
    <skipped/>
  </testcase> <!-- action -->
  <testcase name="action" time="0.000" classname="Assignments.Waste">
    <skipped/>
  </testcase> <!-- action -->
  <testcase name="action" time="0.000" classname="Assignments.Waste">
    <skipped/>
  </testcase> <!-- action -->
  <testcase name="action" time="0.000" classname="Assignments.Waste">
    <skipped/>
  </testcase> <!-- action -->
  <testcase name="action" time="0.000" classname="Assignments.Waste">
    <skipped/>
  </testcase> <!-- action -->
  <testcase name="action" time="0.000" classname="Assignments.Waste">
    <skipped/>
  </testcase> <!-- action -->
  <testcase name="action" time="0.000" classname="Assignments.Waste">
    <skipped/>
  </testcase> <!-- action -->
  <testcase name="action" time="0.000" classname="Assignments.Waste">
    <skipped/>
  </testcase> <!-- action -->
  <testcase name="action" time="0.000" classname="Assignments.Waste">
    <skipped/>
  </testcase> <!-- action -->
  <testcase name="action" time="0.000" classname="Assignments.Waste">
    <skipped/>
  </testcase> <!-- action -->
  <testcase name="action" time="0.000" classname="Assignments.Waste">
    <skipped/>
  </testcase> <!-- action -->
  <testcase name="action" time="0.000" classname="Assignments.Waste">
    <skipped/>
  </testcase> <!-- action -->
  <testcase name="action" time="0.000" classname="Assignments.Waste">
    <skipped/>
  </testcase> <!-- action -->
  <testcase name="action" time="0.000" classname="Assignments.Waste">
    <skipped/>
  </testcase> <!-- action -->
  <testcase name="action" time="0.000" classname="Assignments.Waste">
    <skipped/>
  </testcase> <!-- action -->
  <testcase name="action" time="0.000" classname="Assignments.Waste">
    <skipped/>
  </testcase> <!-- action -->
  <testcase name="action" time="0.000" classname="Assignments.Waste">
    <skipped/>
  </testcase> <!-- action -->
  <testcase name="action" time="0.000" classname="Assignments.Waste">
    <skipped/>
  </testcase> <!-- action -->
  <testcase name="action" time="0.000" classname="Assignments.Waste">
    <skipped/>
  </testcase> <!-- action -->
  <testcase name="action" time="0.000" classname="Assignments.Waste">
    <skipped/>
  </testcase> <!-- action -->
  <testcase name="action" time="0.000" classname="Assignments.Waste">
    <skipped/>
  </testcase> <!-- action -->
  <testcase name="action" time="0.000" classname="Assignments.Waste">
    <skipped/>
  </testcase> <!-- action -->
  <testcase name="action" time="0.000" classname="Assignments.Waste">
    <skipped/>
  </testcase> <!-- action -->
  <testcase name="action" time="0.000" classname="Assignments.Waste">
    <skipped/>
  </testcase> <!-- action -->
  <testcase name="action" time="10.097" classname="Assignments.Waste">
    <error type="org.openqa.selenium.NoSuchElementException" message="no such element: Unable to locate element: {&quot;method&quot;:&quot;xpath&quot;,&quot;selector&quot;:&quot;//a[@class=&#039;close-reveal-modal hide-mobile&#039;]&quot;}
  (Session info: chrome=72.0.3626.119)
  (Driver info: chromedriver=2.44.609538 (b655c5a60b0b544917107a59d4153d4bf78e1b90),platform=Windows NT 6.1.7601 SP1 x86_64) (WARNING: The server did not provide any stacktrace information)
Command duration or timeout: 10.05 seconds
For documentation on this error, please visit: http://seleniumhq.org/exceptions/no_such_element.html
Build info: version: &#039;3.4.0&#039;, revision: &#039;unknown&#039;, time: &#039;unknown&#039;
System info: host: &#039;ADMIN-PC&#039;, ip: &#039;192.168.56.1&#039;, os.name: &#039;Windows 7&#039;, os.arch: &#039;amd64&#039;, os.version: &#039;6.1&#039;, java.version: &#039;1.8.0_20-ea&#039;
Driver info: org.openqa.selenium.chrome.ChromeDriver
Capabilities [{mobileEmulationEnabled=false, hasTouchScreen=false, platform=XP, acceptSslCerts=false, goog:chromeOptions={debuggerAddress=localhost:49193}, acceptInsecureCerts=false, webStorageEnabled=true, browserName=chrome, takesScreenshot=true, javascriptEnabled=true, setWindowRect=true, unexpectedAlertBehaviour=ignore, applicationCacheEnabled=false, rotatable=false, networkConnectionEnabled=false, chrome={chromedriverVersion=2.44.609538 (b655c5a60b0b544917107a59d4153d4bf78e1b90), userDataDir=C:\Users\Admin\AppData\Local\Temp\scoped_dir3672_7696}, takesHeapSnapshot=true, pageLoadStrategy=normal, databaseEnabled=false, handlesAlerts=true, version=72.0.3626.119, browserConnectionEnabled=false, nativeEvents=true, locationContextEnabled=true, cssSelectorsEnabled=true}]
Session ID: be9f992c25314a0b1c7a20e1d8429e40
*** Element info: {Using=xpath, value=//a[@class=&#039;close-reveal-modal hide-mobile&#039;]}">
      <![CDATA[org.openqa.selenium.NoSuchElementException: no such element: Unable to locate element: {"method":"xpath","selector":"//a[@class='close-reveal-modal hide-mobile']"}
  (Session info: chrome=72.0.3626.119)
  (Driver info: chromedriver=2.44.609538 (b655c5a60b0b544917107a59d4153d4bf78e1b90),platform=Windows NT 6.1.7601 SP1 x86_64) (WARNING: The server did not provide any stacktrace information)
Command duration or timeout: 10.05 seconds
For documentation on this error, please visit: http://seleniumhq.org/exceptions/no_such_element.html
Build info: version: '3.4.0', revision: 'unknown', time: 'unknown'
System info: host: 'ADMIN-PC', ip: '192.168.56.1', os.name: 'Windows 7', os.arch: 'amd64', os.version: '6.1', java.version: '1.8.0_20-ea'
Driver info: org.openqa.selenium.chrome.ChromeDriver
Capabilities [{mobileEmulationEnabled=false, hasTouchScreen=false, platform=XP, acceptSslCerts=false, goog:chromeOptions={debuggerAddress=localhost:49193}, acceptInsecureCerts=false, webStorageEnabled=true, browserName=chrome, takesScreenshot=true, javascriptEnabled=true, setWindowRect=true, unexpectedAlertBehaviour=ignore, applicationCacheEnabled=false, rotatable=false, networkConnectionEnabled=false, chrome={chromedriverVersion=2.44.609538 (b655c5a60b0b544917107a59d4153d4bf78e1b90), userDataDir=C:\Users\Admin\AppData\Local\Temp\scoped_dir3672_7696}, takesHeapSnapshot=true, pageLoadStrategy=normal, databaseEnabled=false, handlesAlerts=true, version=72.0.3626.119, browserConnectionEnabled=false, nativeEvents=true, locationContextEnabled=true, cssSelectorsEnabled=true}]
Session ID: be9f992c25314a0b1c7a20e1d8429e40
*** Element info: {Using=xpath, value=//a[@class='close-reveal-modal hide-mobile']}
at sun.reflect.NativeConstructorAccessorImpl.newInstance0(Native Method)
at sun.reflect.NativeConstructorAccessorImpl.newInstance(NativeConstructorAccessorImpl.java:62)
at sun.reflect.DelegatingConstructorAccessorImpl.newInstance(DelegatingConstructorAccessorImpl.java:45)
at java.lang.reflect.Constructor.newInstance(Constructor.java:408)
at org.openqa.selenium.remote.ErrorHandler.createThrowable(ErrorHandler.java:215)
at org.openqa.selenium.remote.ErrorHandler.throwIfResponseFailed(ErrorHandler.java:167)
at org.openqa.selenium.remote.RemoteWebDriver.execute(RemoteWebDriver.java:671)
at org.openqa.selenium.remote.RemoteWebDriver.findElement(RemoteWebDriver.java:410)
at org.openqa.selenium.remote.RemoteWebDriver.findElementByXPath(RemoteWebDriver.java:509)
at org.openqa.selenium.By$ByXPath.findElement(By.java:361)
at org.openqa.selenium.remote.RemoteWebDriver.findElement(RemoteWebDriver.java:402)
at Assignments.Waste.action(Waste.java:85)
at sun.reflect.NativeMethodAccessorImpl.invoke0(Native Method)
at sun.reflect.NativeMethodAccessorImpl.invoke(NativeMethodAccessorImpl.java:62)
at sun.reflect.DelegatingMethodAccessorImpl.invoke(DelegatingMethodAccessorImpl.java:43)
at java.lang.reflect.Method.invoke(Method.java:483)
at org.testng.internal.MethodInvocationHelper.invokeMethod(MethodInvocationHelper.java:124)
at org.testng.internal.Invoker.invokeMethod(Invoker.java:580)
at org.testng.internal.Invoker.invokeTestMethod(Invoker.java:716)
at org.testng.internal.Invoker.invokeTestMethods(Invoker.java:988)
at org.testng.internal.TestMethodWorker.invokeTestMethods(TestMethodWorker.java:125)
at org.testng.internal.TestMethodWorker.run(TestMethodWorker.java:109)
at org.testng.TestRunner.privateRun(TestRunner.java:648)
at org.testng.TestRunner.run(TestRunner.java:505)
at org.testng.SuiteRunner.runTest(SuiteRunner.java:455)
at org.testng.SuiteRunner.runSequentially(SuiteRunner.java:450)
at org.testng.SuiteRunner.privateRun(SuiteRunner.java:415)
at org.testng.SuiteRunner.run(SuiteRunner.java:364)
at org.testng.SuiteRunnerWorker.runSuite(SuiteRunnerWorker.java:52)
at org.testng.SuiteRunnerWorker.run(SuiteRunnerWorker.java:84)
at org.testng.TestNG.runSuitesSequentially(TestNG.java:1208)
at org.testng.TestNG.runSuitesLocally(TestNG.java:1137)
at org.testng.TestNG.runSuites(TestNG.java:1049)
at org.testng.TestNG.run(TestNG.java:1017)
at org.testng.remote.AbstractRemoteTestNG.run(AbstractRemoteTestNG.java:114)
at org.testng.remote.RemoteTestNG.initAndRun(RemoteTestNG.java:251)
at org.testng.remote.RemoteTestNG.main(RemoteTestNG.java:77)
]]>
    </error>
  </testcase> <!-- action -->
  <testcase name="action" time="0.000" classname="Assignments.Waste">
    <skipped/>
  </testcase> <!-- action -->
  <testcase name="action" time="0.000" classname="Assignments.Waste">
    <skipped/>
  </testcase> <!-- action -->
  <testcase name="action" time="0.000" classname="Assignments.Waste">
    <skipped/>
  </testcase> <!-- action -->
  <testcase name="action" time="0.000" classname="Assignments.Waste">
    <skipped/>
  </testcase> <!-- action -->
  <testcase name="action" time="0.000" classname="Assignments.Waste">
    <skipped/>
  </testcase> <!-- action -->
  <testcase name="action" time="0.000" classname="Assignments.Waste">
    <skipped/>
  </testcase> <!-- action -->
  <testcase name="action" time="0.000" classname="Assignments.Waste">
    <skipped/>
  </testcase> <!-- action -->
  <testcase name="action" time="0.000" classname="Assignments.Waste">
    <skipped/>
  </testcase> <!-- action -->
  <testcase name="action" time="0.000" classname="Assignments.Waste">
    <skipped/>
  </testcase> <!-- action -->
  <testcase name="action" time="0.000" classname="Assignments.Waste">
    <skipped/>
  </testcase> <!-- action -->
  <testcase name="action" time="0.000" classname="Assignments.Waste">
    <skipped/>
  </testcase> <!-- action -->
  <testcase name="action" time="0.000" classname="Assignments.Waste">
    <skipped/>
  </testcase> <!-- action -->
  <testcase name="action" time="0.000" classname="Assignments.Waste">
    <skipped/>
  </testcase> <!-- action -->
  <testcase name="action" time="0.000" classname="Assignments.Waste">
    <skipped/>
  </testcase> <!-- action -->
  <testcase name="action" time="0.000" classname="Assignments.Waste">
    <skipped/>
  </testcase> <!-- action -->
  <testcase name="action" time="0.000" classname="Assignments.Waste">
    <skipped/>
  </testcase> <!-- action -->
  <testcase name="action" time="0.000" classname="Assignments.Waste">
    <skipped/>
  </testcase> <!-- action -->
  <testcase name="action" time="202.758" classname="Assignments.Waste"/>
  <testcase name="action" time="0.000" classname="Assignments.Waste">
    <skipped/>
  </testcase> <!-- action -->
  <testcase name="action" time="0.000" classname="Assignments.Waste">
    <skipped/>
  </testcase> <!-- action -->
  <testcase name="action" time="0.000" classname="Assignments.Waste">
    <skipped/>
  </testcase> <!-- action -->
  <testcase name="action" time="0.000" classname="Assignments.Waste">
    <skipped/>
  </testcase> <!-- action -->
  <testcase name="action" time="0.000" classname="Assignments.Waste">
    <skipped/>
  </testcase> <!-- action -->
  <testcase name="action" time="0.000" classname="Assignments.Waste">
    <skipped/>
  </testcase> <!-- action -->
  <testcase name="action" time="0.000" classname="Assignments.Waste">
    <skipped/>
  </testcase> <!-- action -->
  <testcase name="action" time="0.000" classname="Assignments.Waste">
    <skipped/>
  </testcase> <!-- action -->
  <testcase name="action" time="0.000" classname="Assignments.Waste">
    <skipped/>
  </testcase> <!-- action -->
  <testcase name="action" time="0.000" classname="Assignments.Waste">
    <skipped/>
  </testcase> <!-- action -->
  <testcase name="action" time="0.000" classname="Assignments.Waste">
    <skipped/>
  </testcase> <!-- action -->
  <testcase name="action" time="0.000" classname="Assignments.Waste">
    <skipped/>
  </testcase> <!-- action -->
  <testcase name="action" time="0.000" classname="Assignments.Waste">
    <skipped/>
  </testcase> <!-- action -->
  <testcase name="action" time="0.000" classname="Assignments.Waste">
    <skipped/>
  </testcase> <!-- action -->
  <testcase name="action" time="0.000" classname="Assignments.Waste">
    <skipped/>
  </testcase> <!-- action -->
  <testcase name="action" time="0.000" classname="Assignments.Waste">
    <skipped/>
  </testcase> <!-- action -->
  <testcase name="action" time="0.000" classname="Assignments.Waste">
    <skipped/>
  </testcase> <!-- action -->
  <testcase name="action" time="0.000" classname="Assignments.Waste">
    <skipped/>
  </testcase> <!-- action -->
  <testcase name="action" time="0.000" classname="Assignments.Waste">
    <skipped/>
  </testcase> <!-- action -->
  <testcase name="action" time="0.000" classname="Assignments.Waste">
    <skipped/>
  </testcase> <!-- action -->
  <testcase name="action" time="0.000" classname="Assignments.Waste">
    <skipped/>
  </testcase> <!-- action -->
  <testcase name="action" time="0.000" classname="Assignments.Waste">
    <skipped/>
  </testcase> <!-- action -->
  <testcase name="action" time="0.000" classname="Assignments.Waste">
    <skipped/>
  </testcase> <!-- action -->
  <testcase name="action" time="0.000" classname="Assignments.Waste">
    <skipped/>
  </testcase> <!-- action -->
  <testcase name="action" time="0.000" classname="Assignments.Waste">
    <skipped/>
  </testcase> <!-- action -->
  <testcase name="action" time="0.000" classname="Assignments.Waste">
    <skipped/>
  </testcase> <!-- action -->
  <testcase name="action" time="0.000" classname="Assignments.Waste">
    <skipped/>
  </testcase> <!-- action -->
  <testcase name="action" time="0.000" classname="Assignments.Waste">
    <skipped/>
  </testcase> <!-- action -->
  <testcase name="action" time="0.000" classname="Assignments.Waste">
    <skipped/>
  </testcase> <!-- action -->
  <testcase name="action" time="0.000" classname="Assignments.Waste">
    <skipped/>
  </testcase> <!-- action -->
  <testcase name="action" time="0.000" classname="Assignments.Waste">
    <skipped/>
  </testcase> <!-- action -->
  <testcase name="action" time="0.000" classname="Assignments.Waste">
    <skipped/>
  </testcase> <!-- action -->
  <testcase name="action" time="0.000" classname="Assignments.Waste">
    <skipped/>
  </testcase> <!-- action -->
  <testcase name="action" time="0.000" classname="Assignments.Waste">
    <skipped/>
  </testcase> <!-- action -->
  <testcase name="action" time="0.000" classname="Assignments.Waste">
    <skipped/>
  </testcase> <!-- action -->
  <testcase name="action" time="0.000" classname="Assignments.Waste">
    <skipped/>
  </testcase> <!-- action -->
  <testcase name="action" time="0.000" classname="Assignments.Waste">
    <skipped/>
  </testcase> <!-- action -->
  <testcase name="action" time="0.000" classname="Assignments.Waste">
    <skipped/>
  </testcase> <!-- action -->
  <testcase name="action" time="0.000" classname="Assignments.Waste">
    <skipped/>
  </testcase> <!-- action -->
  <testcase name="action" time="0.000" classname="Assignments.Waste">
    <skipped/>
  </testcase> <!-- action -->
  <testcase name="action" time="0.000" classname="Assignments.Waste">
    <skipped/>
  </testcase> <!-- action -->
  <testcase name="action" time="0.000" classname="Assignments.Waste">
    <skipped/>
  </testcase> <!-- action -->
  <testcase name="action" time="0.000" classname="Assignments.Waste">
    <skipped/>
  </testcase> <!-- action -->
  <testcase name="action" time="0.000" classname="Assignments.Waste">
    <skipped/>
  </testcase> <!-- action -->
  <testcase name="action" time="0.000" classname="Assignments.Waste">
    <skipped/>
  </testcase> <!-- action -->
  <testcase name="action" time="0.000" classname="Assignments.Waste">
    <skipped/>
  </testcase> <!-- action -->
  <testcase name="action" time="0.000" classname="Assignments.Waste">
    <skipped/>
  </testcase> <!-- action -->
  <testcase name="action" time="0.000" classname="Assignments.Waste">
    <skipped/>
  </testcase> <!-- action -->
  <testcase name="action" time="0.000" classname="Assignments.Waste">
    <skipped/>
  </testcase> <!-- action -->
  <testcase name="action" time="0.000" classname="Assignments.Waste">
    <skipped/>
  </testcase> <!-- action -->
  <testcase name="action" time="0.000" classname="Assignments.Waste">
    <skipped/>
  </testcase> <!-- action -->
  <testcase name="action" time="0.000" classname="Assignments.Waste">
    <skipped/>
  </testcase> <!-- action -->
  <testcase name="action" time="0.000" classname="Assignments.Waste">
    <skipped/>
  </testcase> <!-- action -->
  <testcase name="action" time="0.000" classname="Assignments.Waste">
    <skipped/>
  </testcase> <!-- action -->
  <testcase name="action" time="0.000" classname="Assignments.Waste">
    <skipped/>
  </testcase> <!-- action -->
  <testcase name="action" time="0.000" classname="Assignments.Waste">
    <skipped/>
  </testcase> <!-- action -->
  <testcase name="action" time="0.000" classname="Assignments.Waste">
    <skipped/>
  </testcase> <!-- action -->
  <testcase name="action" time="0.000" classname="Assignments.Waste">
    <skipped/>
  </testcase> <!-- action -->
  <testcase name="action" time="0.000" classname="Assignments.Waste">
    <skipped/>
  </testcase> <!-- action -->
  <testcase name="action" time="0.000" classname="Assignments.Waste">
    <skipped/>
  </testcase> <!-- action -->
  <testcase name="action" time="0.000" classname="Assignments.Waste">
    <skipped/>
  </testcase> <!-- action -->
  <testcase name="action" time="0.000" classname="Assignments.Waste">
    <skipped/>
  </testcase> <!-- action -->
  <testcase name="closeApp" time="0.246" classname="Assignments.Waste">
    <error type="org.openqa.selenium.WebDriverException" message="chrome not reachable
  (Session info: chrome=72.0.3626.119)
  (Driver info: chromedriver=2.44.609538 (b655c5a60b0b544917107a59d4153d4bf78e1b90),platform=Windows NT 6.1.7601 SP1 x86_64) (WARNING: The server did not provide any stacktrace information)
Command duration or timeout: 244 milliseconds
Build info: version: &#039;3.4.0&#039;, revision: &#039;unknown&#039;, time: &#039;unknown&#039;
System info: host: &#039;ADMIN-PC&#039;, ip: &#039;192.168.56.1&#039;, os.name: &#039;Windows 7&#039;, os.arch: &#039;amd64&#039;, os.version: &#039;6.1&#039;, java.version: &#039;1.8.0_20-ea&#039;
Driver info: org.openqa.selenium.chrome.ChromeDriver
Capabilities [{mobileEmulationEnabled=false, hasTouchScreen=false, platform=XP, acceptSslCerts=false, goog:chromeOptions={debuggerAddress=localhost:49415}, acceptInsecureCerts=false, webStorageEnabled=true, browserName=chrome, takesScreenshot=true, javascriptEnabled=true, setWindowRect=true, unexpectedAlertBehaviour=ignore, applicationCacheEnabled=false, rotatable=false, networkConnectionEnabled=false, chrome={chromedriverVersion=2.44.609538 (b655c5a60b0b544917107a59d4153d4bf78e1b90), userDataDir=C:\Users\Admin\AppData\Local\Temp\scoped_dir3544_14538}, takesHeapSnapshot=true, pageLoadStrategy=normal, databaseEnabled=false, handlesAlerts=true, version=72.0.3626.119, browserConnectionEnabled=false, nativeEvents=true, locationContextEnabled=true, cssSelectorsEnabled=true}]
Session ID: 53aa9364772dfc3c5df54eba4495016c">
      <![CDATA[org.openqa.selenium.WebDriverException: chrome not reachable
  (Session info: chrome=72.0.3626.119)
  (Driver info: chromedriver=2.44.609538 (b655c5a60b0b544917107a59d4153d4bf78e1b90),platform=Windows NT 6.1.7601 SP1 x86_64) (WARNING: The server did not provide any stacktrace information)
Command duration or timeout: 244 milliseconds
Build info: version: '3.4.0', revision: 'unknown', time: 'unknown'
System info: host: 'ADMIN-PC', ip: '192.168.56.1', os.name: 'Windows 7', os.arch: 'amd64', os.version: '6.1', java.version: '1.8.0_20-ea'
Driver info: org.openqa.selenium.chrome.ChromeDriver
Capabilities [{mobileEmulationEnabled=false, hasTouchScreen=false, platform=XP, acceptSslCerts=false, goog:chromeOptions={debuggerAddress=localhost:49415}, acceptInsecureCerts=false, webStorageEnabled=true, browserName=chrome, takesScreenshot=true, javascriptEnabled=true, setWindowRect=true, unexpectedAlertBehaviour=ignore, applicationCacheEnabled=false, rotatable=false, networkConnectionEnabled=false, chrome={chromedriverVersion=2.44.609538 (b655c5a60b0b544917107a59d4153d4bf78e1b90), userDataDir=C:\Users\Admin\AppData\Local\Temp\scoped_dir3544_14538}, takesHeapSnapshot=true, pageLoadStrategy=normal, databaseEnabled=false, handlesAlerts=true, version=72.0.3626.119, browserConnectionEnabled=false, nativeEvents=true, locationContextEnabled=true, cssSelectorsEnabled=true}]
Session ID: 53aa9364772dfc3c5df54eba4495016c
at sun.reflect.NativeConstructorAccessorImpl.newInstance0(Native Method)
at sun.reflect.NativeConstructorAccessorImpl.newInstance(NativeConstructorAccessorImpl.java:62)
at sun.reflect.DelegatingConstructorAccessorImpl.newInstance(DelegatingConstructorAccessorImpl.java:45)
at java.lang.reflect.Constructor.newInstance(Constructor.java:408)
at org.openqa.selenium.remote.ErrorHandler.createThrowable(ErrorHandler.java:215)
at org.openqa.selenium.remote.ErrorHandler.throwIfResponseFailed(ErrorHandler.java:167)
at org.openqa.selenium.remote.RemoteWebDriver.execute(RemoteWebDriver.java:671)
at org.openqa.selenium.remote.RemoteWebDriver.execute(RemoteWebDriver.java:694)
at org.openqa.selenium.remote.RemoteWebDriver.close(RemoteWebDriver.java:523)
at Assignments.Waste.closeApp(Waste.java:58)
at sun.reflect.NativeMethodAccessorImpl.invoke0(Native Method)
at sun.reflect.NativeMethodAccessorImpl.invoke(NativeMethodAccessorImpl.java:62)
at sun.reflect.DelegatingMethodAccessorImpl.invoke(DelegatingMethodAccessorImpl.java:43)
at java.lang.reflect.Method.invoke(Method.java:483)
at org.testng.internal.MethodInvocationHelper.invokeMethod(MethodInvocationHelper.java:124)
at org.testng.internal.MethodInvocationHelper.invokeMethodConsideringTimeout(MethodInvocationHelper.java:59)
at org.testng.internal.Invoker.invokeConfigurationMethod(Invoker.java:455)
at org.testng.internal.Invoker.invokeConfigurations(Invoker.java:222)
at org.testng.internal.Invoker.invokeMethod(Invoker.java:643)
at org.testng.internal.Invoker.invokeTestMethod(Invoker.java:716)
at org.testng.internal.Invoker.invokeTestMethods(Invoker.java:988)
at org.testng.internal.TestMethodWorker.invokeTestMethods(TestMethodWorker.java:125)
at org.testng.internal.TestMethodWorker.run(TestMethodWorker.java:109)
at org.testng.TestRunner.privateRun(TestRunner.java:648)
at org.testng.TestRunner.run(TestRunner.java:505)
at org.testng.SuiteRunner.runTest(SuiteRunner.java:455)
at org.testng.SuiteRunner.runSequentially(SuiteRunner.java:450)
at org.testng.SuiteRunner.privateRun(SuiteRunner.java:415)
at org.testng.SuiteRunner.run(SuiteRunner.java:364)
at org.testng.SuiteRunnerWorker.runSuite(SuiteRunnerWorker.java:52)
at org.testng.SuiteRunnerWorker.run(SuiteRunnerWorker.java:84)
at org.testng.TestNG.runSuitesSequentially(TestNG.java:1208)
at org.testng.TestNG.runSuitesLocally(TestNG.java:1137)
at org.testng.TestNG.runSuites(TestNG.java:1049)
at org.testng.TestNG.run(TestNG.java:1017)
at org.testng.remote.AbstractRemoteTestNG.run(AbstractRemoteTestNG.java:114)
at org.testng.remote.RemoteTestNG.initAndRun(RemoteTestNG.java:251)
at org.testng.remote.RemoteTestNG.main(RemoteTestNG.java:77)
]]>
    </error>
  </testcase> <!-- closeApp -->
  <testcase name="action" time="0.000" classname="Assignments.Waste">
    <skipped/>
  </testcase> <!-- action -->
  <testcase name="action" time="0.000" classname="Assignments.Waste">
    <skipped/>
  </testcase> <!-- action -->
  <testcase name="action" time="0.000" classname="Assignments.Waste">
    <skipped/>
  </testcase> <!-- action -->
  <testcase name="action" time="0.000" classname="Assignments.Waste">
    <skipped/>
  </testcase> <!-- action -->
  <testcase name="action" time="0.000" classname="Assignments.Waste">
    <skipped/>
  </testcase> <!-- action -->
  <testcase name="action" time="0.000" classname="Assignments.Waste">
    <skipped/>
  </testcase> <!-- action -->
  <testcase name="action" time="0.000" classname="Assignments.Waste">
    <skipped/>
  </testcase> <!-- action -->
  <testcase name="action" time="0.000" classname="Assignments.Waste">
    <skipped/>
  </testcase> <!-- action -->
  <testcase name="action" time="0.000" classname="Assignments.Waste">
    <skipped/>
  </testcase> <!-- action -->
  <testcase name="action" time="0.000" classname="Assignments.Waste">
    <skipped/>
  </testcase> <!-- action -->
  <testcase name="action" time="0.000" classname="Assignments.Waste">
    <skipped/>
  </testcase> <!-- action -->
  <testcase name="action" time="0.000" classname="Assignments.Waste">
    <skipped/>
  </testcase> <!-- action -->
  <testcase name="action" time="0.000" classname="Assignments.Waste">
    <skipped/>
  </testcase> <!-- action -->
  <testcase name="action" time="0.000" classname="Assignments.Waste">
    <skipped/>
  </testcase> <!-- action -->
  <testcase name="action" time="0.000" classname="Assignments.Waste">
    <skipped/>
  </testcase> <!-- action -->
  <testcase name="action" time="0.000" classname="Assignments.Waste">
    <skipped/>
  </testcase> <!-- action -->
  <testcase name="action" time="0.000" classname="Assignments.Waste">
    <skipped/>
  </testcase> <!-- action -->
  <testcase name="action" time="0.000" classname="Assignments.Waste">
    <skipped/>
  </testcase> <!-- action -->
  <testcase name="action" time="0.000" classname="Assignments.Waste">
    <skipped/>
  </testcase> <!-- action -->
  <testcase name="action" time="0.000" classname="Assignments.Waste">
    <skipped/>
  </testcase> <!-- action -->
  <testcase name="action" time="0.000" classname="Assignments.Waste">
    <skipped/>
  </testcase> <!-- action -->
  <testcase name="action" time="0.000" classname="Assignments.Waste">
    <skipped/>
  </testcase> <!-- action -->
  <testcase name="action" time="0.000" classname="Assignments.Waste">
    <skipped/>
  </testcase> <!-- action -->
  <testcase name="action" time="0.000" classname="Assignments.Waste">
    <skipped/>
  </testcase> <!-- action -->
  <testcase name="action" time="0.000" classname="Assignments.Waste">
    <skipped/>
  </testcase> <!-- action -->
  <testcase name="action" time="0.000" classname="Assignments.Waste">
    <skipped/>
  </testcase> <!-- action -->
  <testcase name="action" time="0.000" classname="Assignments.Waste">
    <skipped/>
  </testcase> <!-- action -->
  <testcase name="action" time="0.000" classname="Assignments.Waste">
    <skipped/>
  </testcase> <!-- action -->
  <testcase name="action" time="0.000" classname="Assignments.Waste">
    <skipped/>
  </testcase> <!-- action -->
  <testcase name="action" time="0.000" classname="Assignments.Waste">
    <skipped/>
  </testcase> <!-- action -->
  <testcase name="action" time="0.000" classname="Assignments.Waste">
    <skipped/>
  </testcase> <!-- action -->
  <testcase name="action" time="0.000" classname="Assignments.Waste">
    <skipped/>
  </testcase> <!-- action -->
  <testcase name="action" time="0.000" classname="Assignments.Waste">
    <skipped/>
  </testcase> <!-- action -->
  <testcase name="action" time="0.000" classname="Assignments.Waste">
    <skipped/>
  </testcase> <!-- action -->
  <testcase name="action" time="0.000" classname="Assignments.Waste">
    <skipped/>
  </testcase> <!-- action -->
  <testcase name="action" time="0.000" classname="Assignments.Waste">
    <skipped/>
  </testcase> <!-- action -->
  <testcase name="action" time="0.000" classname="Assignments.Waste">
    <skipped/>
  </testcase> <!-- action -->
  <testcase name="action" time="0.000" classname="Assignments.Waste">
    <skipped/>
  </testcase> <!-- action -->
  <testcase name="action" time="0.000" classname="Assignments.Waste">
    <skipped/>
  </testcase> <!-- action -->
  <testcase name="action" time="0.000" classname="Assignments.Waste">
    <skipped/>
  </testcase> <!-- action -->
  <testcase name="action" time="0.000" classname="Assignments.Waste">
    <skipped/>
  </testcase> <!-- action -->
  <testcase name="action" time="0.000" classname="Assignments.Waste">
    <skipped/>
  </testcase> <!-- action -->
  <testcase name="action" time="0.000" classname="Assignments.Waste">
    <skipped/>
  </testcase> <!-- action -->
  <testcase name="action" time="0.000" classname="Assignments.Waste">
    <skipped/>
  </testcase> <!-- action -->
  <testcase name="action" time="0.000" classname="Assignments.Waste">
    <skipped/>
  </testcase> <!-- action -->
  <testcase name="action" time="0.000" classname="Assignments.Waste">
    <skipped/>
  </testcase> <!-- action -->
  <testcase name="action" time="0.000" classname="Assignments.Waste">
    <skipped/>
  </testcase> <!-- action -->
  <testcase name="action" time="0.000" classname="Assignments.Waste">
    <skipped/>
  </testcase> <!-- action -->
  <testcase name="action" time="0.000" classname="Assignments.Waste">
    <skipped/>
  </testcase> <!-- action -->
  <testcase name="action" time="0.000" classname="Assignments.Waste">
    <skipped/>
  </testcase> <!-- action -->
  <testcase name="action" time="0.000" classname="Assignments.Waste">
    <skipped/>
  </testcase> <!-- action -->
  <testcase name="action" time="0.000" classname="Assignments.Waste">
    <skipped/>
  </testcase> <!-- action -->
  <testcase name="action" time="0.000" classname="Assignments.Waste">
    <skipped/>
  </testcase> <!-- action -->
  <testcase name="action" time="0.000" classname="Assignments.Waste">
    <skipped/>
  </testcase> <!-- action -->
  <testcase name="action" time="0.000" classname="Assignments.Waste">
    <skipped/>
  </testcase> <!-- action -->
  <testcase name="action" time="0.000" classname="Assignments.Waste">
    <skipped/>
  </testcase> <!-- action -->
  <testcase name="action" time="0.000" classname="Assignments.Waste">
    <skipped/>
  </testcase> <!-- action -->
  <testcase name="action" time="0.000" classname="Assignments.Waste">
    <skipped/>
  </testcase> <!-- action -->
  <testcase name="action" time="0.000" classname="Assignments.Waste">
    <skipped/>
  </testcase> <!-- action -->
  <testcase name="action" time="0.000" classname="Assignments.Waste">
    <skipped/>
  </testcase> <!-- action -->
  <testcase name="action" time="0.000" classname="Assignments.Waste">
    <skipped/>
  </testcase> <!-- action -->
  <testcase name="action" time="0.000" classname="Assignments.Waste">
    <skipped/>
  </testcase> <!-- action -->
  <testcase name="action" time="0.000" classname="Assignments.Waste">
    <skipped/>
  </testcase> <!-- action -->
  <testcase name="action" time="0.000" classname="Assignments.Waste">
    <skipped/>
  </testcase> <!-- action -->
  <testcase name="action" time="0.000" classname="Assignments.Waste">
    <skipped/>
  </testcase> <!-- action -->
  <testcase name="action" time="0.000" classname="Assignments.Waste">
    <skipped/>
  </testcase> <!-- action -->
  <testcase name="action" time="0.000" classname="Assignments.Waste">
    <skipped/>
  </testcase> <!-- action -->
  <testcase name="action" time="0.000" classname="Assignments.Waste">
    <skipped/>
  </testcase> <!-- action -->
  <testcase name="action" time="0.000" classname="Assignments.Waste">
    <skipped/>
  </testcase> <!-- action -->
  <testcase name="action" time="0.000" classname="Assignments.Waste">
    <skipped/>
  </testcase> <!-- action -->
  <testcase name="action" time="0.000" classname="Assignments.Waste">
    <skipped/>
  </testcase> <!-- action -->
  <testcase name="action" time="0.000" classname="Assignments.Waste">
    <skipped/>
  </testcase> <!-- action -->
  <testcase name="action" time="0.000" classname="Assignments.Waste">
    <skipped/>
  </testcase> <!-- action -->
  <testcase name="action" time="0.000" classname="Assignments.Waste">
    <skipped/>
  </testcase> <!-- action -->
  <testcase name="action" time="0.000" classname="Assignments.Waste">
    <skipped/>
  </testcase> <!-- action -->
  <testcase name="action" time="0.000" classname="Assignments.Waste">
    <skipped/>
  </testcase> <!-- action -->
  <testcase name="action" time="0.000" classname="Assignments.Waste">
    <skipped/>
  </testcase> <!-- action -->
  <testcase name="action" time="0.000" classname="Assignments.Waste">
    <skipped/>
  </testcase> <!-- action -->
  <testcase name="action" time="0.000" classname="Assignments.Waste">
    <skipped/>
  </testcase> <!-- action -->
  <testcase name="action" time="0.000" classname="Assignments.Waste">
    <skipped/>
  </testcase> <!-- action -->
  <testcase name="action" time="0.000" classname="Assignments.Waste">
    <skipped/>
  </testcase> <!-- action -->
  <testcase name="action" time="0.000" classname="Assignments.Waste">
    <skipped/>
  </testcase> <!-- action -->
  <testcase name="action" time="0.000" classname="Assignments.Waste">
    <skipped/>
  </testcase> <!-- action -->
  <testcase name="action" time="0.000" classname="Assignments.Waste">
    <skipped/>
  </testcase> <!-- action -->
  <testcase name="action" time="0.000" classname="Assignments.Waste">
    <skipped/>
  </testcase> <!-- action -->
  <testcase name="action" time="0.000" classname="Assignments.Waste">
    <skipped/>
  </testcase> <!-- action -->
  <testcase name="action" time="0.000" classname="Assignments.Waste">
    <skipped/>
  </testcase> <!-- action -->
  <testcase name="action" time="0.000" classname="Assignments.Waste">
    <skipped/>
  </testcase> <!-- action -->
  <testcase name="action" time="0.000" classname="Assignments.Waste">
    <skipped/>
  </testcase> <!-- action -->
  <testcase name="action" time="0.000" classname="Assignments.Waste">
    <skipped/>
  </testcase> <!-- action -->
  <testcase name="action" time="0.000" classname="Assignments.Waste">
    <skipped/>
  </testcase> <!-- action -->
  <testcase name="action" time="0.000" classname="Assignments.Waste">
    <skipped/>
  </testcase> <!-- action -->
  <testcase name="action" time="0.000" classname="Assignments.Waste">
    <skipped/>
  </testcase> <!-- action -->
  <testcase name="action" time="0.000" classname="Assignments.Waste">
    <skipped/>
  </testcase> <!-- action -->
  <testcase name="action" time="0.000" classname="Assignments.Waste">
    <skipped/>
  </testcase> <!-- action -->
  <testcase name="action" time="0.000" classname="Assignments.Waste">
    <skipped/>
  </testcase> <!-- action -->
  <testcase name="action" time="0.000" classname="Assignments.Waste">
    <skipped/>
  </testcase> <!-- action -->
  <testcase name="action" time="0.000" classname="Assignments.Waste">
    <skipped/>
  </testcase> <!-- action -->
  <testcase name="action" time="0.000" classname="Assignments.Waste">
    <skipped/>
  </testcase> <!-- action -->
  <testcase name="action" time="0.000" classname="Assignments.Waste">
    <skipped/>
  </testcase> <!-- action -->
  <testcase name="action" time="0.000" classname="Assignments.Waste">
    <skipped/>
  </testcase> <!-- action -->
  <testcase name="action" time="0.000" classname="Assignments.Waste">
    <skipped/>
  </testcase> <!-- action -->
  <testcase name="action" time="0.000" classname="Assignments.Waste">
    <skipped/>
  </testcase> <!-- action -->
  <testcase name="action" time="0.000" classname="Assignments.Waste">
    <skipped/>
  </testcase> <!-- action -->
  <testcase name="action" time="0.000" classname="Assignments.Waste">
    <skipped/>
  </testcase> <!-- action -->
  <testcase name="action" time="0.000" classname="Assignments.Waste">
    <skipped/>
  </testcase> <!-- action -->
  <testcase name="action" time="0.000" classname="Assignments.Waste">
    <skipped/>
  </testcase> <!-- action -->
  <testcase name="action" time="0.000" classname="Assignments.Waste">
    <skipped/>
  </testcase> <!-- action -->
  <testcase name="action" time="0.000" classname="Assignments.Waste">
    <skipped/>
  </testcase> <!-- action -->
  <testcase name="action" time="0.000" classname="Assignments.Waste">
    <skipped/>
  </testcase> <!-- action -->
  <testcase name="action" time="0.000" classname="Assignments.Waste">
    <skipped/>
  </testcase> <!-- action -->
  <testcase name="action" time="0.000" classname="Assignments.Waste">
    <skipped/>
  </testcase> <!-- action -->
  <testcase name="action" time="0.000" classname="Assignments.Waste">
    <skipped/>
  </testcase> <!-- action -->
  <testcase name="action" time="0.000" classname="Assignments.Waste">
    <skipped/>
  </testcase> <!-- action -->
  <testcase name="action" time="0.000" classname="Assignments.Waste">
    <skipped/>
  </testcase> <!-- action -->
  <testcase name="action" time="0.000" classname="Assignments.Waste">
    <skipped/>
  </testcase> <!-- action -->
  <testcase name="action" time="0.000" classname="Assignments.Waste">
    <skipped/>
  </testcase> <!-- action -->
  <testcase name="action" time="0.000" classname="Assignments.Waste">
    <skipped/>
  </testcase> <!-- action -->
  <testcase name="action" time="0.000" classname="Assignments.Waste">
    <skipped/>
  </testcase> <!-- action -->
  <testcase name="action" time="0.000" classname="Assignments.Waste">
    <skipped/>
  </testcase> <!-- action -->
  <testcase name="action" time="0.000" classname="Assignments.Waste">
    <skipped/>
  </testcase> <!-- action -->
  <testcase name="action" time="0.000" classname="Assignments.Waste">
    <skipped/>
  </testcase> <!-- action -->
  <testcase name="action" time="0.000" classname="Assignments.Waste">
    <skipped/>
  </testcase> <!-- action -->
  <testcase name="action" time="0.000" classname="Assignments.Waste">
    <skipped/>
  </testcase> <!-- action -->
  <testcase name="action" time="0.000" classname="Assignments.Waste">
    <skipped/>
  </testcase> <!-- action -->
  <testcase name="action" time="0.000" classname="Assignments.Waste">
    <skipped/>
  </testcase> <!-- action -->
  <testcase name="action" time="0.000" classname="Assignments.Waste">
    <skipped/>
  </testcase> <!-- action -->
  <testcase name="action" time="0.000" classname="Assignments.Waste">
    <skipped/>
  </testcase> <!-- action -->
  <testcase name="action" time="0.000" classname="Assignments.Waste">
    <skipped/>
  </testcase> <!-- action -->
  <testcase name="action" time="0.000" classname="Assignments.Waste">
    <skipped/>
  </testcase> <!-- action -->
  <testcase name="action" time="0.000" classname="Assignments.Waste">
    <skipped/>
  </testcase> <!-- action -->
  <testcase name="action" time="0.000" classname="Assignments.Waste">
    <skipped/>
  </testcase> <!-- action -->
  <testcase name="action" time="0.000" classname="Assignments.Waste">
    <skipped/>
  </testcase> <!-- action -->
  <testcase name="action" time="0.000" classname="Assignments.Waste">
    <skipped/>
  </testcase> <!-- action -->
  <testcase name="action" time="0.000" classname="Assignments.Waste">
    <skipped/>
  </testcase> <!-- action -->
</testsuite> <!-- Assignments.Waste -->
