<?xml version="1.0" encoding="UTF-8"?>
<!-- Generated by org.testng.reporters.JUnitReportReporter -->
<testsuite skipped="0" hostname="DESKTOP-R8K2O8B" name="firstt.TestNGAnnotations" tests="1" failures="0" timestamp="27 Feb 2019 10:17:19 GMT" time="0.016" errors="0">
  <testcase name="test5" time="0.016" classname="firstt.TestNGAnnotations"/>
</testsuite> <!-- firstt.TestNGAnnotations -->
