<?xml version="1.0" encoding="UTF-8"?>
<!-- Generated by org.testng.reporters.JUnitReportReporter -->
<testsuite skipped="0" hostname="DESKTOP-R8K2O8B" name="firstt.DemoB" tests="2" failures="0" timestamp="27 Feb 2019 10:22:21 GMT" time="0.028" errors="0">
  <testcase name="test5" time="0.012" classname="firstt.DemoB"/>
  <testcase name="B" time="0.016" classname="firstt.DemoB"/>
</testsuite> <!-- firstt.DemoB -->
