<?xml version="1.0" encoding="UTF-8"?>
<!-- Generated by org.testng.reporters.JUnitReportReporter -->
<testsuite skipped="0" hostname="DESKTOP-R8K2O8B" name="firstt.Excel" tests="1" failures="0" timestamp="01 Mar 2019 03:36:53 GMT" time="2.211" errors="0">
  <testcase name="normalTestCase" time="2.211" classname="firstt.Excel"/>
</testsuite> <!-- firstt.Excel -->
