<?xml version="1.0" encoding="UTF-8"?>
<!-- Generated by org.testng.reporters.JUnitReportReporter -->
<testsuite skipped="0" hostname="DESKTOP-BN2B2LR" name="ExtentReport.extRepo" tests="2" failures="0" timestamp="07 Mar 2019 10:07:31 GMT" time="1.018" errors="0">
  <testcase name="test2" time="0.072" classname="ExtentReport.extRepo"/>
  <testcase name="test1" time="0.946" classname="ExtentReport.extRepo"/>
</testsuite> <!-- ExtentReport.extRepo -->
