<?xml version="1.0" encoding="UTF-8"?>
<!-- Generated by org.testng.reporters.JUnitReportReporter -->
<testsuite skipped="0" hostname="Admin-PC" name="LOG4J.demo" tests="1" failures="0" timestamp="07 Mar 2019 06:18:01 GMT" time="0.116" errors="0">
  <testcase name="run" time="0.116" classname="LOG4J.demo"/>
</testsuite> <!-- LOG4J.demo -->
