<?xml version="1.0" encoding="UTF-8"?>
<!-- Generated by org.testng.reporters.JUnitReportReporter -->
<testsuite skipped="0" hostname="DESKTOP-R8K2O8B" name="firstt.DemoLisner" tests="2" failures="0" timestamp="01 Mar 2019 06:24:04 GMT" time="0.018" errors="0">
  <testcase name="run1" time="0.014" classname="firstt.DemoLisner"/>
  <testcase name="run2" time="0.004" classname="firstt.DemoLisner"/>
</testsuite> <!-- firstt.DemoLisner -->
