<?xml version="1.0" encoding="UTF-8"?>
<!-- Generated by org.testng.reporters.JUnitReportReporter -->
<testsuite skipped="0" hostname="Admin-PC" name="Assignments.assignment5" tests="1" failures="0" timestamp="05 Mar 2019 05:45:38 GMT" time="153.294" errors="0">
  <testcase name="action" time="153.294" classname="Assignments.assignment5"/>
</testsuite> <!-- Assignments.assignment5 -->
