<?xml version="1.0" encoding="UTF-8"?>
<!-- Generated by org.testng.reporters.JUnitReportReporter -->
<testsuite skipped="0" hostname="DESKTOP-BN2B2LR" name="log4.Demo2" tests="1" failures="0" timestamp="07 Mar 2019 07:45:26 GMT" time="0.128" errors="0">
  <testcase name="run" time="0.128" classname="log4.Demo2"/>
</testsuite> <!-- log4.Demo2 -->
