<?xml version="1.0" encoding="UTF-8"?>
<!-- Generated by org.testng.reporters.JUnitReportReporter -->
<testsuite skipped="0" hostname="DESKTOP-R8K2O8B" name="firstt.DemoE" tests="5" failures="0" timestamp="28 Feb 2019 07:19:08 GMT" time="0.025" errors="0">
  <testcase name="B" time="0.015" classname="firstt.DemoE"/>
  <testcase name="C" time="0.003" classname="firstt.DemoE"/>
  <testcase name="D" time="0.002" classname="firstt.DemoE"/>
  <testcase name="A" time="0.002" classname="firstt.DemoE"/>
  <testcase name="E" time="0.003" classname="firstt.DemoE"/>
</testsuite> <!-- firstt.DemoE -->
