<?xml version="1.0" encoding="UTF-8"?>
<!-- Generated by org.testng.reporters.JUnitReportReporter -->
<testsuite skipped="0" hostname="DESKTOP-R8K2O8B" name="firstt.DemoE" tests="5" failures="0" timestamp="27 Feb 2019 11:13:56 GMT" time="0.042" errors="0">
  <testcase name="B" time="0.019" classname="firstt.DemoE"/>
  <testcase name="D" time="0.007" classname="firstt.DemoE"/>
  <testcase name="A" time="0.006" classname="firstt.DemoE"/>
  <testcase name="C" time="0.006" classname="firstt.DemoE"/>
  <testcase name="E" time="0.004" classname="firstt.DemoE"/>
</testsuite> <!-- firstt.DemoE -->
