<?xml version="1.0" encoding="UTF-8"?>
<!-- Generated by org.testng.reporters.JUnitReportReporter -->
<testsuite skipped="0" hostname="DESKTOP-BN2B2LR" name="testng1.rerunner" tests="1" failures="0" timestamp="05 Mar 2019 06:20:05 GMT" time="0.152" errors="0">
  <testcase name="runn" time="0.152" classname="testng1.rerunner"/>
</testsuite> <!-- testng1.rerunner -->
