<?xml version="1.0" encoding="UTF-8"?>
<!-- Generated by org.testng.reporters.JUnitReportReporter -->
<testsuite skipped="0" hostname="DESKTOP-R8K2O8B" name="firstt.Parameter1" tests="1" failures="0" timestamp="01 Mar 2019 04:39:44 GMT" time="0.022" errors="0">
  <testcase name="run" time="0.022" classname="firstt.Parameter1"/>
</testsuite> <!-- firstt.Parameter1 -->
