<?xml version="1.0" encoding="UTF-8"?>
<!-- Generated by org.testng.reporters.JUnitReportReporter -->
<testsuite skipped="0" hostname="DESKTOP-R8K2O8B" name="Excel.ReadDataFronExcel" tests="1" failures="0" timestamp="05 Mar 2019 08:17:34 GMT" time="3.142" errors="0">
  <testcase name="normalTestCase" time="3.142" classname="Excel.ReadDataFronExcel"/>
</testsuite> <!-- Excel.ReadDataFronExcel -->
