<?xml version="1.0" encoding="UTF-8"?>
<!-- Generated by org.testng.reporters.JUnitReportReporter -->
<testsuite skipped="0" hostname="Admin-PC" name="Assignments.UrbanLadder1" tests="1" failures="0" timestamp="06 Mar 2019 16:16:26 GMT" time="256.392" errors="0">
  <testcase name="action" time="256.392" classname="Assignments.UrbanLadder1"/>
</testsuite> <!-- Assignments.UrbanLadder1 -->
