<?xml version="1.0" encoding="UTF-8"?>
<!-- Generated by org.testng.reporters.JUnitReportReporter -->
<testsuite skipped="0" hostname="DESKTOP-R8K2O8B" name="firstt.Dataprovider2" tests="1" failures="0" timestamp="01 Mar 2019 06:56:52 GMT" time="0.021" errors="0">
  <testcase name="run" time="0.021" classname="firstt.Dataprovider2"/>
</testsuite> <!-- firstt.Dataprovider2 -->
