<?xml version="1.0" encoding="UTF-8"?>
<!-- Generated by org.testng.reporters.JUnitReportReporter -->
<testsuite skipped="0" hostname="DESKTOP-BN2B2LR" name="firstt.P1" tests="1" failures="0" timestamp="02 Apr 2019 03:39:06 GMT" time="0.001" errors="0">
  <testcase name="m5" time="0.001" classname="firstt.P1"/>
</testsuite> <!-- firstt.P1 -->
