<?xml version="1.0" encoding="UTF-8"?>
<!-- Generated by org.testng.reporters.JUnitReportReporter -->
<testsuite skipped="1" hostname="DESKTOP-R8K2O8B" name="firstt.SkipTM" tests="2" failures="0" timestamp="28 Feb 2019 07:19:48 GMT" time="0.015" errors="0">
  <testcase name="A" time="0.015" classname="firstt.SkipTM"/>
  <testcase name="B" classname="firstt.SkipTM">
    <skipped/>
  </testcase> <!-- B -->
</testsuite> <!-- firstt.SkipTM -->
