<?xml version="1.0" encoding="UTF-8"?>
<!-- Generated by org.testng.reporters.JUnitReportReporter -->
<testsuite hostname="DESKTOP-BN2B2LR" name="restAssured.Rest2" tests="1" failures="0" timestamp="18 Apr 2019 04:42:38 GMT" time="4.410" errors="0">
  <testcase name="test1" time="4.410" classname="restAssured.Rest2"/>
</testsuite> <!-- restAssured.Rest2 -->
