<?xml version="1.0" encoding="UTF-8"?>
<!-- Generated by org.testng.reporters.JUnitReportReporter -->
<testsuite hostname="DESKTOP-BN2B2LR" name="restAssured.Rest1" tests="1" failures="0" timestamp="18 Apr 2019 04:41:08 GMT" time="2.964" errors="0">
  <testcase name="test1" time="2.964" classname="restAssured.Rest1"/>
</testsuite> <!-- restAssured.Rest1 -->
