<?xml version="1.0" encoding="UTF-8"?>
<!-- Generated by org.testng.reporters.JUnitReportReporter -->
<testsuite hostname="DESKTOP-BN2B2LR" name="restAssured.Rest1" tests="1" failures="0" timestamp="15 Apr 2019 04:20:24 GMT" time="4.487" errors="0">
  <testcase name="test1" time="4.487" classname="restAssured.Rest1"/>
</testsuite> <!-- restAssured.Rest1 -->
