<?xml version="1.0" encoding="UTF-8"?>
<!-- Generated by org.testng.reporters.JUnitReportReporter -->
<testsuite skipped="0" hostname="DESKTOP-R8K2O8B" name="firstt.assertnoteql$Asser1" tests="1" failures="0" timestamp="01 Mar 2019 05:25:49 GMT" time="0.046" errors="0">
  <testcase name="asser" time="0.046" classname="firstt.assertnoteql$Asser1"/>
</testsuite> <!-- firstt.assertnoteql$Asser1 -->
