<?xml version="1.0" encoding="UTF-8"?>
<!-- Generated by org.testng.reporters.JUnitReportReporter -->
<testsuite skipped="0" hostname="DESKTOP-R8K2O8B" name="Log4j.DemoA" tests="1" failures="0" timestamp="07 Mar 2019 06:29:25 GMT" time="0.241" errors="0">
  <testcase name="run" time="0.241" classname="Log4j.DemoA"/>
</testsuite> <!-- Log4j.DemoA -->
