<?xml version="1.0" encoding="UTF-8"?>
<!-- Generated by org.testng.reporters.JUnitReportReporter -->
<testsuite hostname="SARANYA" failures="0" tests="2" name="firstt.LitsenerTestMethodClass" time="0.019" errors="0" timestamp="08 Mar 2019 04:51:35 GMT" skipped="0">
  <testcase classname="firstt.LitsenerTestMethodClass" name="m2" time="0.008"/>
  <testcase classname="firstt.LitsenerTestMethodClass" name="demo" time="0.011"/>
</testsuite> <!-- firstt.LitsenerTestMethodClass -->
