<?xml version="1.0" encoding="UTF-8"?>
<!-- Generated by org.testng.reporters.JUnitReportReporter -->
<testsuite skipped="0" hostname="Pushpendra" name="Demo5.ReadDataXL" tests="1" failures="0" timestamp="05 Mar 2019 09:55:36 GMT" time="1.074" errors="0">
  <testcase name="run" time="1.074" classname="Demo5.ReadDataXL"/>
</testsuite> <!-- Demo5.ReadDataXL -->
