<?xml version="1.0" encoding="UTF-8"?>
<!-- Generated by org.testng.reporters.JUnitReportReporter -->
<testsuite skipped="0" hostname="DESKTOP-R8K2O8B" name="firstt.softassert1" tests="1" failures="0" timestamp="01 Mar 2019 05:47:01 GMT" time="0.023" errors="0">
  <testcase name="asser" time="0.023" classname="firstt.softassert1"/>
</testsuite> <!-- firstt.softassert1 -->
