<?xml version="1.0" encoding="UTF-8"?>
<!-- Generated by org.testng.reporters.JUnitReportReporter -->
<testsuite skipped="0" hostname="Rohit-PC" name="firstt.UrbanLadder" tests="1" failures="0" timestamp="06 Mar 2019 07:33:38 GMT" time="245.398" errors="0">
  <testcase name="urbanladder" time="245.398" classname="firstt.UrbanLadder"/>
</testsuite> <!-- firstt.UrbanLadder -->
