<?xml version="1.0" encoding="UTF-8"?>
<!-- Generated by org.testng.reporters.JUnitReportReporter -->
<testsuite skipped="0" hostname="Admin-PC" name="Assignments.UnbanLadder" tests="1" failures="0" timestamp="06 Mar 2019 07:56:13 GMT" time="261.923" errors="0">
  <testcase name="action" time="261.923" classname="Assignments.UnbanLadder"/>
</testsuite> <!-- Assignments.UnbanLadder -->
