<?xml version="1.0" encoding="UTF-8"?>
<!-- Generated by org.testng.reporters.JUnitReportReporter -->
<testsuite hostname="DESKTOP-BN2B2LR" name="restAssured.RestGoogleSearch" tests="1" failures="0" timestamp="18 Apr 2019 06:01:31 GMT" time="4.970" errors="0">
  <testcase name="test1" time="4.970" classname="restAssured.RestGoogleSearch"/>
</testsuite> <!-- restAssured.RestGoogleSearch -->
