<?xml version="1.0" encoding="UTF-8"?>
<!-- Generated by org.testng.reporters.JUnitReportReporter -->
<testsuite skipped="0" hostname="Admin-PC" name="Assignments.assignment1" tests="1" failures="0" timestamp="05 Mar 2019 05:35:12 GMT" time="54.727" errors="0">
  <testcase name="action" time="54.727" classname="Assignments.assignment1"/>
</testsuite> <!-- Assignments.assignment1 -->
