<?xml version="1.0" encoding="UTF-8"?>
<!-- Generated by org.testng.reporters.JUnitReportReporter -->
<testsuite skipped="0" hostname="DESKTOP-R8K2O8B" name="firstt.testnggroups" tests="2" failures="0" timestamp="28 Feb 2019 07:19:39 GMT" time="0.018" errors="0">
  <testcase name="b3" time="0.003" classname="firstt.testnggroups"/>
  <testcase name="b2" time="0.015" classname="firstt.testnggroups"/>
</testsuite> <!-- firstt.testnggroups -->
