<?xml version="1.0" encoding="UTF-8"?>
<!-- Generated by org.testng.reporters.JUnitReportReporter -->
<testsuite skipped="0" hostname="DESKTOP-R8K2O8B" name="firstt.DemoD" tests="3" failures="0" timestamp="28 Feb 2019 07:17:58 GMT" time="0.013" errors="0">
  <testcase name="test4" time="0.001" classname="firstt.DemoD"/>
  <testcase name="test1" time="0.012" classname="firstt.DemoD"/>
  <testcase name="test1" time="0.000" classname="firstt.DemoD"/>
</testsuite> <!-- firstt.DemoD -->
