<?xml version="1.0" encoding="UTF-8"?>
<!-- Generated by org.testng.reporters.JUnitReportReporter -->
<testsuite skipped="0" hostname="Admin-PC" name="Assignments.assignment7" tests="1" failures="0" timestamp="05 Mar 2019 05:54:57 GMT" time="67.647" errors="0">
  <testcase name="action" time="67.647" classname="Assignments.assignment7"/>
</testsuite> <!-- Assignments.assignment7 -->
