<?xml version="1.0" encoding="UTF-8"?>
<!-- Generated by org.testng.reporters.JUnitReportReporter -->
<testsuite hostname="MeghaSinha" name="FailedTestCase.Rerunner" tests="1" failures="0" timestamp="5 Mar 2019 05:33:11 GMT" time="0.083" errors="0">
  <testcase name="run" time="0.083" classname="FailedTestCase.Rerunner"/>
</testsuite> <!-- FailedTestCase.Rerunner -->
