<?xml version="1.0" encoding="UTF-8"?>
<!-- Generated by org.testng.reporters.JUnitReportReporter -->
<testsuite skipped="0" hostname="DESKTOP-R8K2O8B" name="firstt.DemoD" tests="3" failures="0" timestamp="27 Feb 2019 17:26:00 GMT" time="0.021" errors="0">
  <testcase name="test4" time="0.003" classname="firstt.DemoD"/>
  <testcase name="test1" time="0.015" classname="firstt.DemoD"/>
  <testcase name="test1" time="0.003" classname="firstt.DemoD"/>
</testsuite> <!-- firstt.DemoD -->
