<?xml version="1.0" encoding="UTF-8"?>
<!-- Generated by org.testng.reporters.JUnitReportReporter -->
<testsuite skipped="0" hostname="Admin-PC" name="Assignments.assignment6" tests="1" failures="0" timestamp="05 Mar 2019 05:47:48 GMT" time="36.517" errors="0">
  <testcase name="action" time="36.517" classname="Assignments.assignment6"/>
</testsuite> <!-- Assignments.assignment6 -->
