<?xml version="1.0" encoding="UTF-8"?>
<!-- Generated by org.testng.reporters.JUnitReportReporter -->
<testsuite skipped="0" hostname="Admin-PC" name="Assignments.UrbanLadder1" tests="1" failures="0" timestamp="07 Mar 2019 04:20:23 GMT" time="223.200" errors="0">
  <testcase name="action" time="223.200" classname="Assignments.UrbanLadder1"/>
</testsuite> <!-- Assignments.UrbanLadder1 -->
