<?xml version="1.0" encoding="UTF-8"?>
<!-- Generated by org.testng.reporters.JUnitReportReporter -->
<testsuite hostname="SARANYA" failures="0" tests="1" name="firstt.UrbanLadderXpath" time="152.771" errors="0" timestamp="12 Mar 2019 07:49:00 GMT" skipped="0">
  <testcase classname="firstt.UrbanLadderXpath" name="urbanDemo" time="152.771"/>
</testsuite> <!-- firstt.UrbanLadderXpath -->
