<?xml version="1.0" encoding="UTF-8"?>
<!-- Generated by org.testng.reporters.JUnitReportReporter -->
<testsuite skipped="0" hostname="DESKTOP-R8K2O8B" name="firstt.DemoA" tests="2" failures="0" timestamp="27 Feb 2019 10:02:09 GMT" time="0.019" errors="0">
  <testcase name="test5" time="0.009" classname="firstt.DemoA"/>
  <testcase name="A" time="0.010" classname="firstt.DemoA"/>
</testsuite> <!-- firstt.DemoA -->
