<?xml version="1.0" encoding="UTF-8"?>
<!-- Generated by org.testng.reporters.JUnitReportReporter -->
<testsuite skipped="0" hostname="LAPTOP-DUI2CR0P" name="firstt.DataXl02" tests="1" failures="0" timestamp="05 Mar 2019 10:23:42 GMT" time="5.419" errors="0">
  <testcase name="passData" time="5.419" classname="firstt.DataXl02"/>
</testsuite> <!-- firstt.DataXl02 -->
