<?xml version="1.0" encoding="UTF-8"?>
<!-- Generated by org.testng.reporters.JUnitReportReporter -->
<testsuite skipped="0" hostname="Rohit-PC" name="firstt.UrbanLadder" tests="1" failures="0" timestamp="06 Mar 2019 11:20:33 GMT" time="201.390" errors="0">
  <testcase name="urbanLadder" time="201.390" classname="firstt.UrbanLadder"/>
</testsuite> <!-- firstt.UrbanLadder -->
