<?xml version="1.0" encoding="UTF-8"?>
<!-- Generated by org.testng.reporters.JUnitReportReporter -->
<testsuite hostname="DESKTOP-BN2B2LR" name="restAssured.Rest2" tests="1" failures="0" timestamp="15 Apr 2019 16:58:41 GMT" time="12.398" errors="0">
  <testcase name="test1" time="12.398" classname="restAssured.Rest2"/>
</testsuite> <!-- restAssured.Rest2 -->
