<?xml version="1.0" encoding="UTF-8"?>
<!-- Generated by org.testng.reporters.JUnitReportReporter -->
<testsuite skipped="0" hostname="Admin-PC" name="Assignments.assignment7" tests="1" failures="0" timestamp="05 Mar 2019 11:28:37 GMT" time="77.983" errors="0">
  <testcase name="action" time="77.983" classname="Assignments.assignment7"/>
</testsuite> <!-- Assignments.assignment7 -->
