<?xml version="1.0" encoding="UTF-8"?>
<!-- Generated by org.testng.reporters.JUnitReportReporter -->
<testsuite skipped="0" hostname="DESKTOP-R8K2O8B" name="firstt.DemoB" tests="2" failures="0" timestamp="28 Feb 2019 07:19:19 GMT" time="0.040" errors="0">
  <testcase name="test5" time="0.032" classname="firstt.DemoB"/>
  <testcase name="B" time="0.008" classname="firstt.DemoB"/>
</testsuite> <!-- firstt.DemoB -->
