<?xml version="1.0" encoding="UTF-8"?>
<!-- Generated by org.testng.reporters.JUnitReportReporter -->
<testsuite skipped="0" hostname="LAPTOP-DUI2CR0P" name="firstt.DataFromXl05" tests="1" failures="0" timestamp="05 Mar 2019 09:50:45 GMT" time="6.266" errors="0">
  <testcase name="passData" time="6.266" classname="firstt.DataFromXl05"/>
</testsuite> <!-- firstt.DataFromXl05 -->
