<?xml version="1.0" encoding="UTF-8"?>
<!-- Generated by org.testng.reporters.JUnitReportReporter -->
<testsuite skipped="0" hostname="Rohit-PC" name="firstt.MagicBricks" tests="1" failures="0" timestamp="05 Mar 2019 06:05:16 GMT" time="69.214" errors="0">
  <testcase name="searchHome" time="69.214" classname="firstt.MagicBricks"/>
</testsuite> <!-- firstt.MagicBricks -->
