<?xml version="1.0" encoding="UTF-8"?>
<!-- Generated by org.testng.reporters.JUnitReportReporter -->
<testsuite hostname="DESKTOP-BN2B2LR" name="restAssured.Rest3Namevalidate" tests="1" failures="0" timestamp="15 Apr 2019 16:59:54 GMT" time="5.306" errors="0">
  <testcase name="test1" time="5.306" classname="restAssured.Rest3Namevalidate"/>
</testsuite> <!-- restAssured.Rest3Namevalidate -->
