<?xml version="1.0" encoding="UTF-8"?>
<!-- Generated by org.testng.reporters.JUnitReportReporter -->
<testsuite skipped="0" hostname="DESKTOP-BN2B2LR" name="data_provi.ReadDataFrXls1" tests="3" failures="0" timestamp="05 Mar 2019 06:59:53 GMT" time="0.015" errors="0">
  <testcase name="test" time="0.002" classname="data_provi.ReadDataFrXls1"/>
  <testcase name="test" time="0.009" classname="data_provi.ReadDataFrXls1"/>
  <testcase name="test" time="0.004" classname="data_provi.ReadDataFrXls1"/>
</testsuite> <!-- data_provi.ReadDataFrXls1 -->
