<?xml version="1.0" encoding="UTF-8"?>
<!-- Generated by org.testng.reporters.JUnitReportReporter -->
<testsuite skipped="0" hostname="Admin-PC" name="Assignments.dataProvider" tests="310" failures="0" timestamp="06 Mar 2019 17:45:14 GMT" time="1.071" errors="0">
  <testcase name="test" time="0.002" classname="Assignments.dataProvider"/>
  <testcase name="test" time="0.001" classname="Assignments.dataProvider"/>
  <testcase name="test" time="0.001" classname="Assignments.dataProvider"/>
  <testcase name="test" time="0.000" classname="Assignments.dataProvider"/>
  <testcase name="test" time="0.001" classname="Assignments.dataProvider"/>
  <testcase name="test" time="0.002" classname="Assignments.dataProvider"/>
  <testcase name="test" time="0.001" classname="Assignments.dataProvider"/>
  <testcase name="test" time="0.001" classname="Assignments.dataProvider"/>
  <testcase name="test" time="0.001" classname="Assignments.dataProvider"/>
  <testcase name="test" time="0.001" classname="Assignments.dataProvider"/>
  <testcase name="test" time="0.000" classname="Assignments.dataProvider"/>
  <testcase name="test" time="0.000" classname="Assignments.dataProvider"/>
  <testcase name="test" time="0.001" classname="Assignments.dataProvider"/>
  <testcase name="test" time="0.000" classname="Assignments.dataProvider"/>
  <testcase name="test" time="0.001" classname="Assignments.dataProvider"/>
  <testcase name="test" time="0.001" classname="Assignments.dataProvider"/>
  <testcase name="test" time="0.002" classname="Assignments.dataProvider"/>
  <testcase name="test" time="0.002" classname="Assignments.dataProvider"/>
  <testcase name="test" time="0.001" classname="Assignments.dataProvider"/>
  <testcase name="test" time="0.016" classname="Assignments.dataProvider"/>
  <testcase name="test" time="0.002" classname="Assignments.dataProvider"/>
  <testcase name="test" time="0.001" classname="Assignments.dataProvider"/>
  <testcase name="test" time="0.003" classname="Assignments.dataProvider"/>
  <testcase name="test" time="0.001" classname="Assignments.dataProvider"/>
  <testcase name="test" time="0.001" classname="Assignments.dataProvider"/>
  <testcase name="test" time="0.001" classname="Assignments.dataProvider"/>
  <testcase name="test" time="0.002" classname="Assignments.dataProvider"/>
  <testcase name="test" time="0.002" classname="Assignments.dataProvider"/>
  <testcase name="test" time="0.001" classname="Assignments.dataProvider"/>
  <testcase name="test" time="0.001" classname="Assignments.dataProvider"/>
  <testcase name="test" time="0.000" classname="Assignments.dataProvider"/>
  <testcase name="test" time="0.001" classname="Assignments.dataProvider"/>
  <testcase name="test" time="0.001" classname="Assignments.dataProvider"/>
  <testcase name="test" time="0.001" classname="Assignments.dataProvider"/>
  <testcase name="test" time="0.097" classname="Assignments.dataProvider"/>
  <testcase name="test" time="0.001" classname="Assignments.dataProvider"/>
  <testcase name="test" time="0.001" classname="Assignments.dataProvider"/>
  <testcase name="test" time="0.002" classname="Assignments.dataProvider"/>
  <testcase name="test" time="0.002" classname="Assignments.dataProvider"/>
  <testcase name="test" time="0.001" classname="Assignments.dataProvider"/>
  <testcase name="test" time="0.002" classname="Assignments.dataProvider"/>
  <testcase name="test" time="0.001" classname="Assignments.dataProvider"/>
  <testcase name="test" time="0.001" classname="Assignments.dataProvider"/>
  <testcase name="test" time="0.001" classname="Assignments.dataProvider"/>
  <testcase name="test" time="0.001" classname="Assignments.dataProvider"/>
  <testcase name="test" time="0.003" classname="Assignments.dataProvider"/>
  <testcase name="test" time="0.002" classname="Assignments.dataProvider"/>
  <testcase name="test" time="0.000" classname="Assignments.dataProvider"/>
  <testcase name="test" time="0.002" classname="Assignments.dataProvider"/>
  <testcase name="test" time="0.001" classname="Assignments.dataProvider"/>
  <testcase name="test" time="0.057" classname="Assignments.dataProvider"/>
  <testcase name="test" time="0.002" classname="Assignments.dataProvider"/>
  <testcase name="test" time="0.052" classname="Assignments.dataProvider"/>
  <testcase name="test" time="0.001" classname="Assignments.dataProvider"/>
  <testcase name="test" time="0.003" classname="Assignments.dataProvider"/>
  <testcase name="test" time="0.001" classname="Assignments.dataProvider"/>
  <testcase name="test" time="0.002" classname="Assignments.dataProvider"/>
  <testcase name="test" time="0.002" classname="Assignments.dataProvider"/>
  <testcase name="test" time="0.001" classname="Assignments.dataProvider"/>
  <testcase name="test" time="0.001" classname="Assignments.dataProvider"/>
  <testcase name="test" time="0.004" classname="Assignments.dataProvider"/>
  <testcase name="test" time="0.000" classname="Assignments.dataProvider"/>
  <testcase name="test" time="0.004" classname="Assignments.dataProvider"/>
  <testcase name="test" time="0.001" classname="Assignments.dataProvider"/>
  <testcase name="test" time="0.001" classname="Assignments.dataProvider"/>
  <testcase name="test" time="0.001" classname="Assignments.dataProvider"/>
  <testcase name="test" time="0.001" classname="Assignments.dataProvider"/>
  <testcase name="test" time="0.002" classname="Assignments.dataProvider"/>
  <testcase name="test" time="0.001" classname="Assignments.dataProvider"/>
  <testcase name="test" time="0.002" classname="Assignments.dataProvider"/>
  <testcase name="test" time="0.000" classname="Assignments.dataProvider"/>
  <testcase name="test" time="0.003" classname="Assignments.dataProvider"/>
  <testcase name="test" time="0.002" classname="Assignments.dataProvider"/>
  <testcase name="test" time="0.001" classname="Assignments.dataProvider"/>
  <testcase name="test" time="0.000" classname="Assignments.dataProvider"/>
  <testcase name="test" time="0.001" classname="Assignments.dataProvider"/>
  <testcase name="test" time="0.001" classname="Assignments.dataProvider"/>
  <testcase name="test" time="0.002" classname="Assignments.dataProvider"/>
  <testcase name="test" time="0.003" classname="Assignments.dataProvider"/>
  <testcase name="test" time="0.004" classname="Assignments.dataProvider"/>
  <testcase name="test" time="0.001" classname="Assignments.dataProvider"/>
  <testcase name="test" time="0.001" classname="Assignments.dataProvider"/>
  <testcase name="test" time="0.001" classname="Assignments.dataProvider"/>
  <testcase name="test" time="0.002" classname="Assignments.dataProvider"/>
  <testcase name="test" time="0.001" classname="Assignments.dataProvider"/>
  <testcase name="test" time="0.000" classname="Assignments.dataProvider"/>
  <testcase name="test" time="0.001" classname="Assignments.dataProvider"/>
  <testcase name="test" time="0.001" classname="Assignments.dataProvider"/>
  <testcase name="test" time="0.001" classname="Assignments.dataProvider"/>
  <testcase name="test" time="0.001" classname="Assignments.dataProvider"/>
  <testcase name="test" time="0.012" classname="Assignments.dataProvider"/>
  <testcase name="test" time="0.002" classname="Assignments.dataProvider"/>
  <testcase name="test" time="0.002" classname="Assignments.dataProvider"/>
  <testcase name="test" time="0.002" classname="Assignments.dataProvider"/>
  <testcase name="test" time="0.001" classname="Assignments.dataProvider"/>
  <testcase name="test" time="0.001" classname="Assignments.dataProvider"/>
  <testcase name="test" time="0.002" classname="Assignments.dataProvider"/>
  <testcase name="test" time="0.000" classname="Assignments.dataProvider"/>
  <testcase name="test" time="0.001" classname="Assignments.dataProvider"/>
  <testcase name="test" time="0.001" classname="Assignments.dataProvider"/>
  <testcase name="test" time="0.001" classname="Assignments.dataProvider"/>
  <testcase name="test" time="0.062" classname="Assignments.dataProvider"/>
  <testcase name="test" time="0.000" classname="Assignments.dataProvider"/>
  <testcase name="test" time="0.000" classname="Assignments.dataProvider"/>
  <testcase name="test" time="0.000" classname="Assignments.dataProvider"/>
  <testcase name="test" time="0.003" classname="Assignments.dataProvider"/>
  <testcase name="test" time="0.001" classname="Assignments.dataProvider"/>
  <testcase name="test" time="0.002" classname="Assignments.dataProvider"/>
  <testcase name="test" time="0.002" classname="Assignments.dataProvider"/>
  <testcase name="test" time="0.072" classname="Assignments.dataProvider"/>
  <testcase name="test" time="0.001" classname="Assignments.dataProvider"/>
  <testcase name="test" time="0.002" classname="Assignments.dataProvider"/>
  <testcase name="test" time="0.002" classname="Assignments.dataProvider"/>
  <testcase name="test" time="0.002" classname="Assignments.dataProvider"/>
  <testcase name="test" time="0.002" classname="Assignments.dataProvider"/>
  <testcase name="test" time="0.001" classname="Assignments.dataProvider"/>
  <testcase name="test" time="0.001" classname="Assignments.dataProvider"/>
  <testcase name="test" time="0.001" classname="Assignments.dataProvider"/>
  <testcase name="test" time="0.003" classname="Assignments.dataProvider"/>
  <testcase name="test" time="0.001" classname="Assignments.dataProvider"/>
  <testcase name="test" time="0.002" classname="Assignments.dataProvider"/>
  <testcase name="test" time="0.001" classname="Assignments.dataProvider"/>
  <testcase name="test" time="0.001" classname="Assignments.dataProvider"/>
  <testcase name="test" time="0.000" classname="Assignments.dataProvider"/>
  <testcase name="test" time="0.000" classname="Assignments.dataProvider"/>
  <testcase name="test" time="0.002" classname="Assignments.dataProvider"/>
  <testcase name="test" time="0.000" classname="Assignments.dataProvider"/>
  <testcase name="test" time="0.001" classname="Assignments.dataProvider"/>
  <testcase name="test" time="0.001" classname="Assignments.dataProvider"/>
  <testcase name="test" time="0.000" classname="Assignments.dataProvider"/>
  <testcase name="test" time="0.001" classname="Assignments.dataProvider"/>
  <testcase name="test" time="0.000" classname="Assignments.dataProvider"/>
  <testcase name="test" time="0.001" classname="Assignments.dataProvider"/>
  <testcase name="test" time="0.001" classname="Assignments.dataProvider"/>
  <testcase name="test" time="0.001" classname="Assignments.dataProvider"/>
  <testcase name="test" time="0.001" classname="Assignments.dataProvider"/>
  <testcase name="test" time="0.002" classname="Assignments.dataProvider"/>
  <testcase name="test" time="0.002" classname="Assignments.dataProvider"/>
  <testcase name="test" time="0.000" classname="Assignments.dataProvider"/>
  <testcase name="test" time="0.002" classname="Assignments.dataProvider"/>
  <testcase name="test" time="0.001" classname="Assignments.dataProvider"/>
  <testcase name="test" time="0.001" classname="Assignments.dataProvider"/>
  <testcase name="test" time="0.001" classname="Assignments.dataProvider"/>
  <testcase name="test" time="0.001" classname="Assignments.dataProvider"/>
  <testcase name="test" time="0.001" classname="Assignments.dataProvider"/>
  <testcase name="test" time="0.001" classname="Assignments.dataProvider"/>
  <testcase name="test" time="0.001" classname="Assignments.dataProvider"/>
  <testcase name="test" time="0.001" classname="Assignments.dataProvider"/>
  <testcase name="test" time="0.001" classname="Assignments.dataProvider"/>
  <testcase name="test" time="0.001" classname="Assignments.dataProvider"/>
  <testcase name="test" time="0.001" classname="Assignments.dataProvider"/>
  <testcase name="test" time="0.001" classname="Assignments.dataProvider"/>
  <testcase name="test" time="0.000" classname="Assignments.dataProvider"/>
  <testcase name="test" time="0.001" classname="Assignments.dataProvider"/>
  <testcase name="test" time="0.002" classname="Assignments.dataProvider"/>
  <testcase name="test" time="0.001" classname="Assignments.dataProvider"/>
  <testcase name="test" time="0.002" classname="Assignments.dataProvider"/>
  <testcase name="test" time="0.001" classname="Assignments.dataProvider"/>
  <testcase name="test" time="0.001" classname="Assignments.dataProvider"/>
  <testcase name="test" time="0.001" classname="Assignments.dataProvider"/>
  <testcase name="test" time="0.000" classname="Assignments.dataProvider"/>
  <testcase name="test" time="0.001" classname="Assignments.dataProvider"/>
  <testcase name="test" time="0.001" classname="Assignments.dataProvider"/>
  <testcase name="test" time="0.001" classname="Assignments.dataProvider"/>
  <testcase name="test" time="0.001" classname="Assignments.dataProvider"/>
  <testcase name="test" time="0.001" classname="Assignments.dataProvider"/>
  <testcase name="test" time="0.000" classname="Assignments.dataProvider"/>
  <testcase name="test" time="0.002" classname="Assignments.dataProvider"/>
  <testcase name="test" time="0.001" classname="Assignments.dataProvider"/>
  <testcase name="test" time="0.001" classname="Assignments.dataProvider"/>
  <testcase name="test" time="0.001" classname="Assignments.dataProvider"/>
  <testcase name="test" time="0.001" classname="Assignments.dataProvider"/>
  <testcase name="test" time="0.000" classname="Assignments.dataProvider"/>
  <testcase name="test" time="0.001" classname="Assignments.dataProvider"/>
  <testcase name="test" time="0.001" classname="Assignments.dataProvider"/>
  <testcase name="test" time="0.002" classname="Assignments.dataProvider"/>
  <testcase name="test" time="0.001" classname="Assignments.dataProvider"/>
  <testcase name="test" time="0.004" classname="Assignments.dataProvider"/>
  <testcase name="test" time="0.000" classname="Assignments.dataProvider"/>
  <testcase name="test" time="0.002" classname="Assignments.dataProvider"/>
  <testcase name="test" time="0.000" classname="Assignments.dataProvider"/>
  <testcase name="test" time="0.001" classname="Assignments.dataProvider"/>
  <testcase name="test" time="0.031" classname="Assignments.dataProvider"/>
  <testcase name="test" time="0.003" classname="Assignments.dataProvider"/>
  <testcase name="test" time="0.000" classname="Assignments.dataProvider"/>
  <testcase name="test" time="0.001" classname="Assignments.dataProvider"/>
  <testcase name="test" time="0.002" classname="Assignments.dataProvider"/>
  <testcase name="test" time="0.002" classname="Assignments.dataProvider"/>
  <testcase name="test" time="0.001" classname="Assignments.dataProvider"/>
  <testcase name="test" time="0.001" classname="Assignments.dataProvider"/>
  <testcase name="test" time="0.000" classname="Assignments.dataProvider"/>
  <testcase name="test" time="0.001" classname="Assignments.dataProvider"/>
  <testcase name="test" time="0.000" classname="Assignments.dataProvider"/>
  <testcase name="test" time="0.001" classname="Assignments.dataProvider"/>
  <testcase name="test" time="0.001" classname="Assignments.dataProvider"/>
  <testcase name="test" time="0.006" classname="Assignments.dataProvider"/>
  <testcase name="test" time="0.001" classname="Assignments.dataProvider"/>
  <testcase name="test" time="0.002" classname="Assignments.dataProvider"/>
  <testcase name="test" time="0.001" classname="Assignments.dataProvider"/>
  <testcase name="test" time="0.001" classname="Assignments.dataProvider"/>
  <testcase name="test" time="0.003" classname="Assignments.dataProvider"/>
  <testcase name="test" time="0.001" classname="Assignments.dataProvider"/>
  <testcase name="test" time="0.048" classname="Assignments.dataProvider"/>
  <testcase name="test" time="0.001" classname="Assignments.dataProvider"/>
  <testcase name="test" time="0.001" classname="Assignments.dataProvider"/>
  <testcase name="test" time="0.001" classname="Assignments.dataProvider"/>
  <testcase name="test" time="0.002" classname="Assignments.dataProvider"/>
  <testcase name="test" time="0.003" classname="Assignments.dataProvider"/>
  <testcase name="test" time="0.001" classname="Assignments.dataProvider"/>
  <testcase name="test" time="0.001" classname="Assignments.dataProvider"/>
  <testcase name="test" time="0.002" classname="Assignments.dataProvider"/>
  <testcase name="test" time="0.002" classname="Assignments.dataProvider"/>
  <testcase name="test" time="0.001" classname="Assignments.dataProvider"/>
  <testcase name="test" time="0.001" classname="Assignments.dataProvider"/>
  <testcase name="test" time="0.001" classname="Assignments.dataProvider"/>
  <testcase name="test" time="0.000" classname="Assignments.dataProvider"/>
  <testcase name="test" time="0.001" classname="Assignments.dataProvider"/>
  <testcase name="test" time="0.002" classname="Assignments.dataProvider"/>
  <testcase name="test" time="0.002" classname="Assignments.dataProvider"/>
  <testcase name="test" time="0.001" classname="Assignments.dataProvider"/>
  <testcase name="test" time="0.002" classname="Assignments.dataProvider"/>
  <testcase name="test" time="0.001" classname="Assignments.dataProvider"/>
  <testcase name="test" time="0.001" classname="Assignments.dataProvider"/>
  <testcase name="test" time="0.003" classname="Assignments.dataProvider"/>
  <testcase name="test" time="0.001" classname="Assignments.dataProvider"/>
  <testcase name="test" time="0.000" classname="Assignments.dataProvider"/>
  <testcase name="test" time="0.000" classname="Assignments.dataProvider"/>
  <testcase name="test" time="0.001" classname="Assignments.dataProvider"/>
  <testcase name="test" time="0.001" classname="Assignments.dataProvider"/>
  <testcase name="test" time="0.001" classname="Assignments.dataProvider"/>
  <testcase name="test" time="0.000" classname="Assignments.dataProvider"/>
  <testcase name="test" time="0.002" classname="Assignments.dataProvider"/>
  <testcase name="test" time="0.001" classname="Assignments.dataProvider"/>
  <testcase name="test" time="0.002" classname="Assignments.dataProvider"/>
  <testcase name="test" time="0.001" classname="Assignments.dataProvider"/>
  <testcase name="test" time="0.002" classname="Assignments.dataProvider"/>
  <testcase name="test" time="0.003" classname="Assignments.dataProvider"/>
  <testcase name="test" time="0.001" classname="Assignments.dataProvider"/>
  <testcase name="test" time="0.000" classname="Assignments.dataProvider"/>
  <testcase name="test" time="0.005" classname="Assignments.dataProvider"/>
  <testcase name="test" time="0.001" classname="Assignments.dataProvider"/>
  <testcase name="test" time="0.000" classname="Assignments.dataProvider"/>
  <testcase name="test" time="0.001" classname="Assignments.dataProvider"/>
  <testcase name="test" time="0.007" classname="Assignments.dataProvider"/>
  <testcase name="test" time="0.001" classname="Assignments.dataProvider"/>
  <testcase name="test" time="0.001" classname="Assignments.dataProvider"/>
  <testcase name="test" time="0.002" classname="Assignments.dataProvider"/>
  <testcase name="test" time="0.001" classname="Assignments.dataProvider"/>
  <testcase name="test" time="0.001" classname="Assignments.dataProvider"/>
  <testcase name="test" time="0.001" classname="Assignments.dataProvider"/>
  <testcase name="test" time="0.001" classname="Assignments.dataProvider"/>
  <testcase name="test" time="0.002" classname="Assignments.dataProvider"/>
  <testcase name="test" time="0.001" classname="Assignments.dataProvider"/>
  <testcase name="test" time="0.003" classname="Assignments.dataProvider"/>
  <testcase name="test" time="0.001" classname="Assignments.dataProvider"/>
  <testcase name="test" time="0.001" classname="Assignments.dataProvider"/>
  <testcase name="test" time="0.007" classname="Assignments.dataProvider"/>
  <testcase name="test" time="0.002" classname="Assignments.dataProvider"/>
  <testcase name="test" time="0.001" classname="Assignments.dataProvider"/>
  <testcase name="test" time="0.002" classname="Assignments.dataProvider"/>
  <testcase name="test" time="0.001" classname="Assignments.dataProvider"/>
  <testcase name="test" time="0.036" classname="Assignments.dataProvider"/>
  <testcase name="test" time="0.001" classname="Assignments.dataProvider"/>
  <testcase name="test" time="0.001" classname="Assignments.dataProvider"/>
  <testcase name="test" time="0.000" classname="Assignments.dataProvider"/>
  <testcase name="test" time="0.003" classname="Assignments.dataProvider"/>
  <testcase name="test" time="0.001" classname="Assignments.dataProvider"/>
  <testcase name="test" time="0.000" classname="Assignments.dataProvider"/>
  <testcase name="test" time="0.001" classname="Assignments.dataProvider"/>
  <testcase name="test" time="0.001" classname="Assignments.dataProvider"/>
  <testcase name="test" time="0.002" classname="Assignments.dataProvider"/>
  <testcase name="test" time="0.002" classname="Assignments.dataProvider"/>
  <testcase name="test" time="0.001" classname="Assignments.dataProvider"/>
  <testcase name="test" time="0.002" classname="Assignments.dataProvider"/>
  <testcase name="test" time="0.002" classname="Assignments.dataProvider"/>
  <testcase name="test" time="0.000" classname="Assignments.dataProvider"/>
  <testcase name="test" time="0.011" classname="Assignments.dataProvider"/>
  <testcase name="test" time="0.000" classname="Assignments.dataProvider"/>
  <testcase name="test" time="0.002" classname="Assignments.dataProvider"/>
  <testcase name="test" time="0.001" classname="Assignments.dataProvider"/>
  <testcase name="test" time="0.001" classname="Assignments.dataProvider"/>
  <testcase name="test" time="0.001" classname="Assignments.dataProvider"/>
  <testcase name="test" time="0.000" classname="Assignments.dataProvider"/>
  <testcase name="test" time="0.002" classname="Assignments.dataProvider"/>
  <testcase name="test" time="0.002" classname="Assignments.dataProvider"/>
  <testcase name="test" time="0.002" classname="Assignments.dataProvider"/>
  <testcase name="test" time="0.002" classname="Assignments.dataProvider"/>
  <testcase name="test" time="0.000" classname="Assignments.dataProvider"/>
  <testcase name="test" time="0.003" classname="Assignments.dataProvider"/>
  <testcase name="test" time="0.038" classname="Assignments.dataProvider"/>
  <testcase name="test" time="0.001" classname="Assignments.dataProvider"/>
  <testcase name="test" time="0.030" classname="Assignments.dataProvider"/>
  <testcase name="test" time="0.002" classname="Assignments.dataProvider"/>
  <testcase name="test" time="0.002" classname="Assignments.dataProvider"/>
  <testcase name="test" time="0.001" classname="Assignments.dataProvider"/>
  <testcase name="test" time="0.001" classname="Assignments.dataProvider"/>
  <testcase name="test" time="0.069" classname="Assignments.dataProvider"/>
  <testcase name="test" time="0.002" classname="Assignments.dataProvider"/>
  <testcase name="test" time="0.001" classname="Assignments.dataProvider"/>
  <testcase name="test" time="0.001" classname="Assignments.dataProvider"/>
  <testcase name="test" time="0.000" classname="Assignments.dataProvider"/>
  <testcase name="test" time="0.001" classname="Assignments.dataProvider"/>
  <testcase name="test" time="0.000" classname="Assignments.dataProvider"/>
  <testcase name="test" time="0.001" classname="Assignments.dataProvider"/>
  <testcase name="test" time="0.054" classname="Assignments.dataProvider"/>
  <testcase name="test" time="0.001" classname="Assignments.dataProvider"/>
  <testcase name="test" time="0.001" classname="Assignments.dataProvider"/>
  <testcase name="test" time="0.002" classname="Assignments.dataProvider"/>
  <testcase name="test" time="0.004" classname="Assignments.dataProvider"/>
  <testcase name="test" time="0.000" classname="Assignments.dataProvider"/>
</testsuite> <!-- Assignments.dataProvider -->
