<?xml version="1.0" encoding="UTF-8"?>
<!-- Generated by org.testng.reporters.JUnitReportReporter -->
<testsuite skipped="0" hostname="Pushpendra" name="firstt.DemoAssert" tests="1" failures="0" timestamp="05 Mar 2019 16:11:12 GMT" time="38.023" errors="0">
  <testcase name="testa" time="38.023" classname="firstt.DemoAssert"/>
</testsuite> <!-- firstt.DemoAssert -->
