<?xml version="1.0" encoding="UTF-8"?>
<!-- Generated by org.testng.reporters.JUnitReportReporter -->
<testsuite skipped="0" hostname="DESKTOP-BN2B2LR" name="ExtentReport.extRepo1" tests="1" failures="0" timestamp="07 Mar 2019 10:22:51 GMT" time="0.691" errors="0">
  <testcase name="test1" time="0.691" classname="ExtentReport.extRepo1"/>
</testsuite> <!-- ExtentReport.extRepo1 -->
